{"/home/travis/build/kaizhu256/node-swgg/test.js":{"path":"/home/travis/build/kaizhu256/node-swgg/test.js","s":{"1":2,"2":2,"3":2,"4":2,"5":2,"6":2,"7":2,"8":1,"9":2,"10":2,"11":1,"12":1,"13":1,"14":1,"15":1,"16":2,"17":2,"18":126,"19":126,"20":18,"21":18,"22":18,"23":18,"24":18,"25":18,"26":72,"27":9936,"28":2232,"29":2232,"30":72,"31":126,"32":126,"33":2,"34":2,"35":2,"36":2,"37":2,"38":2,"39":8,"40":8,"41":8,"42":8,"43":8,"44":6,"45":6,"46":8,"47":2,"48":2,"49":2,"50":2,"51":6,"52":2,"53":2,"54":2,"55":2,"56":2,"57":2,"58":2,"59":2,"60":2,"61":2,"62":2,"63":2,"64":2,"65":2,"66":8,"67":8,"68":8,"69":2,"70":2,"71":10,"72":10,"73":50,"74":10,"75":10,"76":10,"77":10,"78":10,"79":10,"80":10,"81":10,"82":10,"83":10,"84":10,"85":2,"86":2,"87":2,"88":2,"89":2,"90":18,"91":18,"92":18,"93":18,"94":18,"95":18,"96":2,"97":2,"98":2,"99":2,"100":6,"101":2,"102":2,"103":2,"104":2,"105":2,"106":2,"107":2,"108":2,"109":2,"110":2,"111":52,"112":52,"113":156,"114":52,"115":52,"116":52,"117":52,"118":52,"119":70,"120":52,"121":52,"122":52,"123":52,"124":52,"125":52,"126":2,"127":2,"128":2,"129":6,"130":2,"131":2,"132":2,"133":2,"134":2,"135":2,"136":2,"137":2,"138":2,"139":2,"140":2,"141":2,"142":2,"143":2,"144":2,"145":14,"146":14,"147":2,"148":2,"149":2,"150":2,"151":10,"152":2,"153":2,"154":2,"155":2,"156":2,"157":2,"158":2,"159":2,"160":2,"161":2,"162":2,"163":2,"164":2,"165":2,"166":14,"167":14,"168":70,"169":14,"170":2,"171":2,"172":12,"173":12,"174":14,"175":14,"176":14,"177":14,"178":14,"179":14,"180":14,"181":14,"182":14,"183":14,"184":14,"185":2,"186":2,"187":2,"188":2,"189":6,"190":2,"191":2,"192":2,"193":2,"194":2,"195":4,"196":4,"197":2,"198":2,"199":2,"200":2,"201":2,"202":2,"203":22,"204":22,"205":22,"206":66,"207":22,"208":22,"209":22,"210":22,"211":22,"212":22,"213":22,"214":22,"215":22,"216":22,"217":22,"218":22,"219":22,"220":22,"221":22,"222":2,"223":12,"224":12,"225":12,"226":60,"227":12,"228":12,"229":2,"230":2,"231":10,"232":10,"233":12,"234":12,"235":12,"236":12,"237":12,"238":12,"239":12,"240":12,"241":12,"242":12,"243":12,"244":12,"245":12,"246":12,"247":12,"248":12,"249":12,"250":12,"251":12,"252":2,"253":4,"254":4,"255":4,"256":16,"257":16,"258":4,"259":4,"260":4,"261":4,"262":4,"263":4,"264":4,"265":4,"266":4,"267":4,"268":4,"269":4,"270":4,"271":4,"272":4,"273":4,"274":2,"275":2,"276":2,"277":8,"278":2,"279":2,"280":2,"281":2,"282":2,"283":2,"284":2,"285":2,"286":2,"287":2,"288":2,"289":2,"290":2,"291":2,"292":2,"293":2,"294":2,"295":6,"296":2,"297":2,"298":2,"299":2,"300":2,"301":2,"302":2,"303":2,"304":2,"305":2,"306":2,"307":2,"308":2,"309":6,"310":6,"311":6,"312":6,"313":6,"314":6,"315":2,"316":2,"317":2,"318":2,"319":2,"320":2,"321":2,"322":2,"323":2,"324":2,"325":2,"326":2,"327":2,"328":2,"329":2,"330":2,"331":2,"332":2,"333":2,"334":2,"335":2,"336":2,"337":2,"338":8,"339":8,"340":8,"341":8,"342":8,"343":8,"344":2,"345":2,"346":2,"347":2,"348":6,"349":2,"350":2,"351":2,"352":2,"353":2,"354":2,"355":2,"356":2,"357":2,"358":2,"359":2,"360":2,"361":2,"362":20,"363":20,"364":2,"365":2,"366":2,"367":2,"368":2,"369":2,"370":2,"371":2,"372":2,"373":2,"374":2,"375":2,"376":2,"377":2,"378":2,"379":2,"380":2,"381":2,"382":2,"383":2,"384":2,"385":2,"386":2,"387":2,"388":2,"389":2,"390":2,"391":2,"392":2,"393":2,"394":2,"395":2,"396":2,"397":2,"398":2,"399":2,"400":2,"401":2,"402":2,"403":2,"404":2,"405":2,"406":2,"407":2,"408":2,"409":2,"410":2,"411":2,"412":2,"413":2,"414":2,"415":2,"416":3,"417":3,"418":3,"419":3,"420":3,"421":3,"422":3,"423":3,"424":3,"425":3,"426":3,"427":3,"428":3,"429":3,"430":3,"431":3,"432":3,"433":2,"434":3,"435":3,"436":3,"437":3,"438":3,"439":42,"440":42,"441":42,"442":42,"443":42,"444":42,"445":3,"446":2,"447":3,"448":3,"449":3,"450":3,"451":3,"452":2,"453":3,"454":3,"455":81,"456":81,"457":81,"458":81,"459":81,"460":81,"461":81,"462":3,"463":2,"464":3,"465":3,"466":135,"467":135,"468":132,"469":132,"470":135,"471":135,"472":135,"473":3,"474":2,"475":3,"476":3,"477":9,"478":9,"479":9,"480":3,"481":3,"482":3,"483":63,"484":63,"485":63,"486":3,"487":2,"488":1,"489":1,"490":1,"491":1,"492":1,"493":1,"494":1,"495":1,"496":5,"497":1,"498":1,"499":1,"500":1,"501":1,"502":1,"503":1,"504":1,"505":1,"506":1,"507":1,"508":1,"509":1,"510":1,"511":1,"512":1,"513":1,"514":1,"515":1,"516":1,"517":1,"518":1,"519":1,"520":1,"521":8,"522":160,"523":320,"524":320,"525":320,"526":320,"527":1,"528":1,"529":1,"530":1,"531":1,"532":1,"533":1,"534":3,"535":3,"536":1,"537":1,"538":1,"539":1,"540":1,"541":1,"542":1,"543":1,"544":1,"545":1,"546":1,"547":1,"548":1,"549":1,"550":1,"551":1,"552":1,"553":1,"554":2,"555":2,"556":2,"557":2,"558":39,"559":20,"560":20,"561":20,"562":13,"563":13,"564":6,"565":2,"566":200,"567":2,"568":397,"569":397,"570":2,"571":1,"572":0,"573":1,"574":1,"575":1,"576":1,"577":1,"578":1,"579":1},"b":{"1":[2,1,1,1],"2":[1,1,1,1],"3":[1,1],"4":[1,1],"5":[1,1],"6":[1,1],"7":[18,18,18,72],"8":[2232,900],"9":[6,2],"10":[2,2,2],"11":[10,10,10,10,10],"12":[2,2,2],"13":[52,52,52],"14":[2,2,2],"15":[2,2,2,2,2],"16":[14,14,14,14,14],"17":[2,12],"18":[2,2,2],"19":[22,22,22],"20":[12,12,12,12,12],"21":[2,10],"22":[4,4,4,4],"23":[2,2,2,2],"24":[2,2,2],"25":[2,2,2],"26":[2,2,2,2,2,2,2,2,2,2],"27":[81,78],"28":[81,78],"29":[81,78],"30":[132,3],"31":[1,1],"32":[20,5,8,13,6],"33":[39,37],"34":[20,8],"35":[20,10],"36":[397,260,260],"37":[1],"38":[0,1]},"f":{"1":2,"2":2,"3":2,"4":2,"5":126,"6":9936,"7":2232,"8":2,"9":8,"10":8,"11":2,"12":6,"13":2,"14":8,"15":10,"16":50,"17":2,"18":18,"19":18,"20":2,"21":6,"22":52,"23":156,"24":70,"25":2,"26":6,"27":2,"28":14,"29":2,"30":10,"31":14,"32":70,"33":2,"34":6,"35":4,"36":22,"37":66,"38":12,"39":60,"40":4,"41":16,"42":2,"43":8,"44":2,"45":6,"46":2,"47":6,"48":6,"49":2,"50":2,"51":2,"52":2,"53":8,"54":8,"55":2,"56":6,"57":2,"58":20,"59":3,"60":3,"61":3,"62":3,"63":42,"64":42,"65":3,"66":3,"67":3,"68":81,"69":3,"70":135,"71":135,"72":3,"73":9,"74":9,"75":63,"76":63,"77":1,"78":1,"79":5,"80":1,"81":1,"82":1,"83":1,"84":1,"85":8,"86":160,"87":320,"88":320,"89":1,"90":3,"91":1,"92":1,"93":1,"94":1,"95":2,"96":39,"97":20,"98":200,"99":397},"fnMap":{"1":{"name":"(anonymous_1)","line":12,"loc":{"start":{"line":12,"column":1},"end":{"line":12,"column":13}}},"2":{"name":"(anonymous_2)","line":19,"loc":{"start":{"line":19,"column":5},"end":{"line":19,"column":17}}},"3":{"name":"(anonymous_3)","line":23,"loc":{"start":{"line":23,"column":24},"end":{"line":23,"column":36}}},"4":{"name":"(anonymous_4)","line":57,"loc":{"start":{"line":57,"column":5},"end":{"line":57,"column":17}}},"5":{"name":"(anonymous_5)","line":58,"loc":{"start":{"line":58,"column":38},"end":{"line":58,"column":67}}},"6":{"name":"(anonymous_6)","line":92,"loc":{"start":{"line":92,"column":51},"end":{"line":92,"column":66}}},"7":{"name":"(anonymous_7)","line":93,"loc":{"start":{"line":93,"column":51},"end":{"line":93,"column":77}}},"8":{"name":"(anonymous_8)","line":106,"loc":{"start":{"line":106,"column":36},"end":{"line":106,"column":64}}},"9":{"name":"(anonymous_9)","line":131,"loc":{"start":{"line":131,"column":28},"end":{"line":131,"column":47}}},"10":{"name":"(anonymous_10)","line":133,"loc":{"start":{"line":133,"column":36},"end":{"line":133,"column":58}}},"11":{"name":"(anonymous_11)","line":149,"loc":{"start":{"line":149,"column":54},"end":{"line":149,"column":82}}},"12":{"name":"(anonymous_12)","line":156,"loc":{"start":{"line":156,"column":34},"end":{"line":156,"column":57}}},"13":{"name":"(anonymous_13)","line":178,"loc":{"start":{"line":178,"column":67},"end":{"line":178,"column":95}}},"14":{"name":"(anonymous_14)","line":206,"loc":{"start":{"line":206,"column":23},"end":{"line":206,"column":36}}},"15":{"name":"(anonymous_15)","line":215,"loc":{"start":{"line":215,"column":66},"end":{"line":215,"column":94}}},"16":{"name":"(anonymous_16)","line":222,"loc":{"start":{"line":222,"column":34},"end":{"line":222,"column":57}}},"17":{"name":"(anonymous_17)","line":254,"loc":{"start":{"line":254,"column":46},"end":{"line":254,"column":74}}},"18":{"name":"(anonymous_18)","line":271,"loc":{"start":{"line":271,"column":22},"end":{"line":271,"column":37}}},"19":{"name":"(anonymous_19)","line":274,"loc":{"start":{"line":274,"column":50},"end":{"line":274,"column":73}}},"20":{"name":"(anonymous_20)","line":285,"loc":{"start":{"line":285,"column":52},"end":{"line":285,"column":80}}},"21":{"name":"(anonymous_21)","line":292,"loc":{"start":{"line":292,"column":34},"end":{"line":292,"column":57}}},"22":{"name":"(anonymous_22)","line":317,"loc":{"start":{"line":317,"column":48},"end":{"line":317,"column":76}}},"23":{"name":"(anonymous_23)","line":325,"loc":{"start":{"line":325,"column":34},"end":{"line":325,"column":57}}},"24":{"name":"(anonymous_24)","line":341,"loc":{"start":{"line":341,"column":62},"end":{"line":341,"column":77}}},"25":{"name":"(anonymous_25)","line":359,"loc":{"start":{"line":359,"column":51},"end":{"line":359,"column":79}}},"26":{"name":"(anonymous_26)","line":366,"loc":{"start":{"line":366,"column":34},"end":{"line":366,"column":57}}},"27":{"name":"(anonymous_27)","line":391,"loc":{"start":{"line":391,"column":45},"end":{"line":391,"column":73}}},"28":{"name":"(anonymous_28)","line":407,"loc":{"start":{"line":407,"column":22},"end":{"line":407,"column":37}}},"29":{"name":"(anonymous_29)","line":414,"loc":{"start":{"line":414,"column":55},"end":{"line":414,"column":83}}},"30":{"name":"(anonymous_30)","line":421,"loc":{"start":{"line":421,"column":34},"end":{"line":421,"column":57}}},"31":{"name":"(anonymous_31)","line":458,"loc":{"start":{"line":458,"column":51},"end":{"line":458,"column":79}}},"32":{"name":"(anonymous_32)","line":465,"loc":{"start":{"line":465,"column":34},"end":{"line":465,"column":57}}},"33":{"name":"(anonymous_33)","line":506,"loc":{"start":{"line":506,"column":49},"end":{"line":506,"column":77}}},"34":{"name":"(anonymous_34)","line":520,"loc":{"start":{"line":520,"column":34},"end":{"line":520,"column":57}}},"35":{"name":"(anonymous_35)","line":531,"loc":{"start":{"line":531,"column":41},"end":{"line":531,"column":60}}},"36":{"name":"(anonymous_36)","line":548,"loc":{"start":{"line":548,"column":48},"end":{"line":548,"column":76}}},"37":{"name":"(anonymous_37)","line":562,"loc":{"start":{"line":562,"column":34},"end":{"line":562,"column":57}}},"38":{"name":"(anonymous_38)","line":607,"loc":{"start":{"line":607,"column":51},"end":{"line":607,"column":79}}},"39":{"name":"(anonymous_39)","line":617,"loc":{"start":{"line":617,"column":34},"end":{"line":617,"column":57}}},"40":{"name":"(anonymous_40)","line":687,"loc":{"start":{"line":687,"column":48},"end":{"line":687,"column":76}}},"41":{"name":"(anonymous_41)","line":693,"loc":{"start":{"line":693,"column":21},"end":{"line":693,"column":44}}},"42":{"name":"(anonymous_42)","line":733,"loc":{"start":{"line":733,"column":54},"end":{"line":733,"column":82}}},"43":{"name":"(anonymous_43)","line":738,"loc":{"start":{"line":738,"column":34},"end":{"line":738,"column":57}}},"44":{"name":"(anonymous_44)","line":778,"loc":{"start":{"line":778,"column":55},"end":{"line":778,"column":83}}},"45":{"name":"(anonymous_45)","line":783,"loc":{"start":{"line":783,"column":34},"end":{"line":783,"column":57}}},"46":{"name":"(anonymous_46)","line":802,"loc":{"start":{"line":802,"column":48},"end":{"line":802,"column":76}}},"47":{"name":"(anonymous_47)","line":813,"loc":{"start":{"line":813,"column":22},"end":{"line":813,"column":35}}},"48":{"name":"(anonymous_48)","line":818,"loc":{"start":{"line":818,"column":19},"end":{"line":818,"column":42}}},"49":{"name":"(anonymous_49)","line":829,"loc":{"start":{"line":829,"column":51},"end":{"line":829,"column":79}}},"50":{"name":"(anonymous_50)","line":838,"loc":{"start":{"line":838,"column":66},"end":{"line":838,"column":89}}},"51":{"name":"(anonymous_51)","line":847,"loc":{"start":{"line":847,"column":66},"end":{"line":847,"column":89}}},"52":{"name":"(anonymous_52)","line":857,"loc":{"start":{"line":857,"column":46},"end":{"line":857,"column":74}}},"53":{"name":"(anonymous_53)","line":873,"loc":{"start":{"line":873,"column":22},"end":{"line":873,"column":38}}},"54":{"name":"(anonymous_54)","line":876,"loc":{"start":{"line":876,"column":70},"end":{"line":876,"column":93}}},"55":{"name":"(anonymous_55)","line":887,"loc":{"start":{"line":887,"column":59},"end":{"line":887,"column":87}}},"56":{"name":"(anonymous_56)","line":892,"loc":{"start":{"line":892,"column":34},"end":{"line":892,"column":57}}},"57":{"name":"(anonymous_57)","line":911,"loc":{"start":{"line":911,"column":46},"end":{"line":911,"column":74}}},"58":{"name":"(anonymous_58)","line":917,"loc":{"start":{"line":917,"column":21},"end":{"line":917,"column":44}}},"59":{"name":"(anonymous_59)","line":1018,"loc":{"start":{"line":1018,"column":56},"end":{"line":1018,"column":84}}},"60":{"name":"(anonymous_60)","line":1065,"loc":{"start":{"line":1065,"column":64},"end":{"line":1065,"column":87}}},"61":{"name":"(anonymous_61)","line":1097,"loc":{"start":{"line":1097,"column":66},"end":{"line":1097,"column":89}}},"62":{"name":"(anonymous_62)","line":1109,"loc":{"start":{"line":1109,"column":54},"end":{"line":1109,"column":82}}},"63":{"name":"(anonymous_63)","line":1132,"loc":{"start":{"line":1132,"column":22},"end":{"line":1132,"column":41}}},"64":{"name":"(anonymous_64)","line":1136,"loc":{"start":{"line":1136,"column":68},"end":{"line":1136,"column":85}}},"65":{"name":"(anonymous_65)","line":1145,"loc":{"start":{"line":1145,"column":57},"end":{"line":1145,"column":85}}},"66":{"name":"(anonymous_66)","line":1156,"loc":{"start":{"line":1156,"column":65},"end":{"line":1156,"column":88}}},"67":{"name":"(anonymous_67)","line":1169,"loc":{"start":{"line":1169,"column":50},"end":{"line":1169,"column":78}}},"68":{"name":"(anonymous_68)","line":1208,"loc":{"start":{"line":1208,"column":22},"end":{"line":1208,"column":41}}},"69":{"name":"(anonymous_69)","line":1221,"loc":{"start":{"line":1221,"column":48},"end":{"line":1221,"column":76}}},"70":{"name":"(anonymous_70)","line":1275,"loc":{"start":{"line":1275,"column":22},"end":{"line":1275,"column":41}}},"71":{"name":"(anonymous_71)","line":1276,"loc":{"start":{"line":1276,"column":38},"end":{"line":1276,"column":50}}},"72":{"name":"(anonymous_72)","line":1290,"loc":{"start":{"line":1290,"column":51},"end":{"line":1290,"column":79}}},"73":{"name":"(anonymous_73)","line":1296,"loc":{"start":{"line":1296,"column":42},"end":{"line":1296,"column":61}}},"74":{"name":"(anonymous_74)","line":1297,"loc":{"start":{"line":1297,"column":38},"end":{"line":1297,"column":50}}},"75":{"name":"(anonymous_75)","line":1361,"loc":{"start":{"line":1361,"column":22},"end":{"line":1361,"column":41}}},"76":{"name":"(anonymous_76)","line":1362,"loc":{"start":{"line":1362,"column":38},"end":{"line":1362,"column":50}}},"77":{"name":"(anonymous_77)","line":1380,"loc":{"start":{"line":1380,"column":49},"end":{"line":1380,"column":77}}},"78":{"name":"(anonymous_78)","line":1390,"loc":{"start":{"line":1390,"column":36},"end":{"line":1390,"column":64}}},"79":{"name":"(anonymous_79)","line":1401,"loc":{"start":{"line":1401,"column":28},"end":{"line":1401,"column":47}}},"80":{"name":"(anonymous_80)","line":1407,"loc":{"start":{"line":1407,"column":36},"end":{"line":1407,"column":64}}},"81":{"name":"(anonymous_81)","line":1412,"loc":{"start":{"line":1412,"column":30},"end":{"line":1412,"column":42}}},"82":{"name":"(anonymous_82)","line":1431,"loc":{"start":{"line":1431,"column":36},"end":{"line":1431,"column":64}}},"83":{"name":"(anonymous_83)","line":1436,"loc":{"start":{"line":1436,"column":42},"end":{"line":1436,"column":59}}},"84":{"name":"(anonymous_84)","line":1437,"loc":{"start":{"line":1437,"column":27},"end":{"line":1437,"column":39}}},"85":{"name":"(anonymous_85)","line":1447,"loc":{"start":{"line":1447,"column":28},"end":{"line":1447,"column":48}}},"86":{"name":"(anonymous_86)","line":1450,"loc":{"start":{"line":1450,"column":26},"end":{"line":1450,"column":55}}},"87":{"name":"(anonymous_87)","line":1451,"loc":{"start":{"line":1451,"column":41},"end":{"line":1451,"column":53}}},"88":{"name":"(anonymous_88)","line":1453,"loc":{"start":{"line":1453,"column":35},"end":{"line":1453,"column":47}}},"89":{"name":"(anonymous_89)","line":1468,"loc":{"start":{"line":1468,"column":38},"end":{"line":1468,"column":66}}},"90":{"name":"(anonymous_90)","line":1477,"loc":{"start":{"line":1477,"column":28},"end":{"line":1477,"column":42}}},"91":{"name":"(anonymous_91)","line":1490,"loc":{"start":{"line":1490,"column":35},"end":{"line":1490,"column":63}}},"92":{"name":"(anonymous_92)","line":1510,"loc":{"start":{"line":1510,"column":35},"end":{"line":1510,"column":63}}},"93":{"name":"(anonymous_93)","line":1520,"loc":{"start":{"line":1520,"column":38},"end":{"line":1520,"column":66}}},"94":{"name":"(anonymous_94)","line":1534,"loc":{"start":{"line":1534,"column":41},"end":{"line":1534,"column":69}}},"95":{"name":"(anonymous_95)","line":1550,"loc":{"start":{"line":1550,"column":5},"end":{"line":1550,"column":17}}},"96":{"name":"(anonymous_96)","line":1953,"loc":{"start":{"line":1953,"column":55},"end":{"line":1957,"column":10}}},"97":{"name":"(anonymous_97)","line":1961,"loc":{"start":{"line":1961,"column":37},"end":{"line":1961,"column":60}}},"98":{"name":"(anonymous_98)","line":1997,"loc":{"start":{"line":1997,"column":26},"end":{"line":1997,"column":45}}},"99":{"name":"(anonymous_99)","line":2041,"loc":{"start":{"line":2041,"column":45},"end":{"line":2041,"column":60}}}},"statementMap":{"1":{"start":{"line":12,"column":0},"end":{"line":2067,"column":5}},"2":{"start":{"line":14,"column":4},"end":{"line":14,"column":14}},"3":{"start":{"line":19,"column":4},"end":{"line":52,"column":9}},"4":{"start":{"line":21,"column":8},"end":{"line":21,"column":19}},"5":{"start":{"line":23,"column":8},"end":{"line":35,"column":13}},"6":{"start":{"line":24,"column":12},"end":{"line":34,"column":13}},"7":{"start":{"line":25,"column":16},"end":{"line":28,"column":30}},"8":{"start":{"line":30,"column":16},"end":{"line":33,"column":27}},"9":{"start":{"line":37,"column":8},"end":{"line":39,"column":21}},"10":{"start":{"line":40,"column":8},"end":{"line":51,"column":9}},"11":{"start":{"line":43,"column":12},"end":{"line":43,"column":71}},"12":{"start":{"line":44,"column":12},"end":{"line":44,"column":81}},"13":{"start":{"line":45,"column":12},"end":{"line":45,"column":18}},"14":{"start":{"line":48,"column":12},"end":{"line":49,"column":46}},"15":{"start":{"line":50,"column":12},"end":{"line":50,"column":18}},"16":{"start":{"line":57,"column":4},"end":{"line":1373,"column":9}},"17":{"start":{"line":58,"column":8},"end":{"line":104,"column":10}},"18":{"start":{"line":62,"column":12},"end":{"line":62,"column":64}},"19":{"start":{"line":63,"column":12},"end":{"line":100,"column":13}},"20":{"start":{"line":65,"column":16},"end":{"line":71,"column":19}},"21":{"start":{"line":72,"column":16},"end":{"line":72,"column":22}},"22":{"start":{"line":74,"column":16},"end":{"line":80,"column":19}},"23":{"start":{"line":81,"column":16},"end":{"line":81,"column":22}},"24":{"start":{"line":83,"column":16},"end":{"line":89,"column":19}},"25":{"start":{"line":90,"column":16},"end":{"line":90,"column":22}},"26":{"start":{"line":92,"column":16},"end":{"line":98,"column":19}},"27":{"start":{"line":93,"column":20},"end":{"line":97,"column":23}},"28":{"start":{"line":95,"column":24},"end":{"line":95,"column":42}},"29":{"start":{"line":96,"column":24},"end":{"line":96,"column":80}},"30":{"start":{"line":99,"column":16},"end":{"line":99,"column":84}},"31":{"start":{"line":101,"column":12},"end":{"line":101,"column":39}},"32":{"start":{"line":103,"column":12},"end":{"line":103,"column":55}},"33":{"start":{"line":106,"column":8},"end":{"line":147,"column":10}},"34":{"start":{"line":110,"column":12},"end":{"line":110,"column":27}},"35":{"start":{"line":111,"column":12},"end":{"line":111,"column":51}},"36":{"start":{"line":112,"column":12},"end":{"line":112,"column":36}},"37":{"start":{"line":113,"column":12},"end":{"line":130,"column":15}},"38":{"start":{"line":131,"column":12},"end":{"line":145,"column":15}},"39":{"start":{"line":132,"column":16},"end":{"line":132,"column":40}},"40":{"start":{"line":133,"column":16},"end":{"line":144,"column":19}},"41":{"start":{"line":135,"column":20},"end":{"line":135,"column":47}},"42":{"start":{"line":137,"column":20},"end":{"line":137,"column":80}},"43":{"start":{"line":139,"column":20},"end":{"line":142,"column":21}},"44":{"start":{"line":140,"column":24},"end":{"line":140,"column":61}},"45":{"start":{"line":141,"column":24},"end":{"line":141,"column":61}},"46":{"start":{"line":143,"column":20},"end":{"line":143,"column":33}},"47":{"start":{"line":146,"column":12},"end":{"line":146,"column":25}},"48":{"start":{"line":149,"column":8},"end":{"line":176,"column":10}},"49":{"start":{"line":153,"column":12},"end":{"line":155,"column":15}},"50":{"start":{"line":156,"column":12},"end":{"line":173,"column":15}},"51":{"start":{"line":157,"column":16},"end":{"line":172,"column":17}},"52":{"start":{"line":160,"column":20},"end":{"line":162,"column":39}},"53":{"start":{"line":163,"column":20},"end":{"line":163,"column":26}},"54":{"start":{"line":166,"column":20},"end":{"line":166,"column":76}},"55":{"start":{"line":167,"column":20},"end":{"line":167,"column":85}},"56":{"start":{"line":168,"column":20},"end":{"line":168,"column":37}},"57":{"start":{"line":169,"column":20},"end":{"line":169,"column":26}},"58":{"start":{"line":171,"column":20},"end":{"line":171,"column":41}},"59":{"start":{"line":174,"column":12},"end":{"line":174,"column":33}},"60":{"start":{"line":175,"column":12},"end":{"line":175,"column":29}},"61":{"start":{"line":178,"column":8},"end":{"line":213,"column":10}},"62":{"start":{"line":182,"column":12},"end":{"line":182,"column":27}},"63":{"start":{"line":183,"column":12},"end":{"line":183,"column":51}},"64":{"start":{"line":184,"column":12},"end":{"line":184,"column":36}},"65":{"start":{"line":185,"column":12},"end":{"line":211,"column":15}},"66":{"start":{"line":207,"column":16},"end":{"line":207,"column":28}},"67":{"start":{"line":208,"column":16},"end":{"line":208,"column":40}},"68":{"start":{"line":210,"column":16},"end":{"line":210,"column":93}},"69":{"start":{"line":212,"column":12},"end":{"line":212,"column":25}},"70":{"start":{"line":215,"column":8},"end":{"line":252,"column":10}},"71":{"start":{"line":219,"column":12},"end":{"line":221,"column":15}},"72":{"start":{"line":222,"column":12},"end":{"line":249,"column":15}},"73":{"start":{"line":223,"column":16},"end":{"line":248,"column":17}},"74":{"start":{"line":226,"column":20},"end":{"line":229,"column":22}},"75":{"start":{"line":230,"column":20},"end":{"line":230,"column":26}},"76":{"start":{"line":233,"column":20},"end":{"line":236,"column":22}},"77":{"start":{"line":237,"column":20},"end":{"line":237,"column":26}},"78":{"start":{"line":240,"column":20},"end":{"line":240,"column":86}},"79":{"start":{"line":241,"column":20},"end":{"line":241,"column":26}},"80":{"start":{"line":244,"column":20},"end":{"line":244,"column":86}},"81":{"start":{"line":245,"column":20},"end":{"line":245,"column":26}},"82":{"start":{"line":247,"column":20},"end":{"line":247,"column":41}},"83":{"start":{"line":250,"column":12},"end":{"line":250,"column":33}},"84":{"start":{"line":251,"column":12},"end":{"line":251,"column":29}},"85":{"start":{"line":254,"column":8},"end":{"line":283,"column":10}},"86":{"start":{"line":258,"column":12},"end":{"line":258,"column":27}},"87":{"start":{"line":259,"column":12},"end":{"line":259,"column":51}},"88":{"start":{"line":260,"column":12},"end":{"line":260,"column":36}},"89":{"start":{"line":261,"column":12},"end":{"line":281,"column":15}},"90":{"start":{"line":272,"column":16},"end":{"line":272,"column":40}},"91":{"start":{"line":273,"column":16},"end":{"line":273,"column":29}},"92":{"start":{"line":274,"column":16},"end":{"line":280,"column":19}},"93":{"start":{"line":276,"column":20},"end":{"line":276,"column":47}},"94":{"start":{"line":278,"column":20},"end":{"line":278,"column":64}},"95":{"start":{"line":279,"column":20},"end":{"line":279,"column":33}},"96":{"start":{"line":282,"column":12},"end":{"line":282,"column":25}},"97":{"start":{"line":285,"column":8},"end":{"line":315,"column":10}},"98":{"start":{"line":289,"column":12},"end":{"line":291,"column":15}},"99":{"start":{"line":292,"column":12},"end":{"line":312,"column":15}},"100":{"start":{"line":293,"column":16},"end":{"line":311,"column":17}},"101":{"start":{"line":296,"column":20},"end":{"line":298,"column":39}},"102":{"start":{"line":299,"column":20},"end":{"line":299,"column":26}},"103":{"start":{"line":302,"column":20},"end":{"line":302,"column":76}},"104":{"start":{"line":303,"column":20},"end":{"line":306,"column":22}},"105":{"start":{"line":307,"column":20},"end":{"line":307,"column":37}},"106":{"start":{"line":308,"column":20},"end":{"line":308,"column":26}},"107":{"start":{"line":310,"column":20},"end":{"line":310,"column":41}},"108":{"start":{"line":313,"column":12},"end":{"line":313,"column":33}},"109":{"start":{"line":314,"column":12},"end":{"line":314,"column":29}},"110":{"start":{"line":317,"column":8},"end":{"line":357,"column":10}},"111":{"start":{"line":321,"column":12},"end":{"line":324,"column":15}},"112":{"start":{"line":325,"column":12},"end":{"line":354,"column":15}},"113":{"start":{"line":326,"column":16},"end":{"line":353,"column":17}},"114":{"start":{"line":329,"column":20},"end":{"line":331,"column":39}},"115":{"start":{"line":332,"column":20},"end":{"line":332,"column":26}},"116":{"start":{"line":335,"column":20},"end":{"line":335,"column":76}},"117":{"start":{"line":336,"column":20},"end":{"line":339,"column":22}},"118":{"start":{"line":341,"column":20},"end":{"line":346,"column":23}},"119":{"start":{"line":342,"column":24},"end":{"line":345,"column":26}},"120":{"start":{"line":348,"column":20},"end":{"line":348,"column":46}},"121":{"start":{"line":349,"column":20},"end":{"line":349,"column":47}},"122":{"start":{"line":350,"column":20},"end":{"line":350,"column":26}},"123":{"start":{"line":352,"column":20},"end":{"line":352,"column":41}},"124":{"start":{"line":355,"column":12},"end":{"line":355,"column":33}},"125":{"start":{"line":356,"column":12},"end":{"line":356,"column":29}},"126":{"start":{"line":359,"column":8},"end":{"line":389,"column":10}},"127":{"start":{"line":363,"column":12},"end":{"line":365,"column":15}},"128":{"start":{"line":366,"column":12},"end":{"line":386,"column":15}},"129":{"start":{"line":367,"column":16},"end":{"line":385,"column":17}},"130":{"start":{"line":370,"column":20},"end":{"line":372,"column":39}},"131":{"start":{"line":373,"column":20},"end":{"line":373,"column":26}},"132":{"start":{"line":376,"column":20},"end":{"line":376,"column":76}},"133":{"start":{"line":377,"column":20},"end":{"line":380,"column":22}},"134":{"start":{"line":381,"column":20},"end":{"line":381,"column":37}},"135":{"start":{"line":382,"column":20},"end":{"line":382,"column":26}},"136":{"start":{"line":384,"column":20},"end":{"line":384,"column":41}},"137":{"start":{"line":387,"column":12},"end":{"line":387,"column":33}},"138":{"start":{"line":388,"column":12},"end":{"line":388,"column":29}},"139":{"start":{"line":391,"column":8},"end":{"line":412,"column":10}},"140":{"start":{"line":395,"column":12},"end":{"line":395,"column":27}},"141":{"start":{"line":396,"column":12},"end":{"line":396,"column":51}},"142":{"start":{"line":397,"column":12},"end":{"line":397,"column":36}},"143":{"start":{"line":398,"column":12},"end":{"line":398,"column":25}},"144":{"start":{"line":399,"column":12},"end":{"line":410,"column":15}},"145":{"start":{"line":408,"column":16},"end":{"line":408,"column":40}},"146":{"start":{"line":409,"column":16},"end":{"line":409,"column":62}},"147":{"start":{"line":411,"column":12},"end":{"line":411,"column":25}},"148":{"start":{"line":414,"column":8},"end":{"line":456,"column":10}},"149":{"start":{"line":418,"column":12},"end":{"line":420,"column":15}},"150":{"start":{"line":421,"column":12},"end":{"line":453,"column":15}},"151":{"start":{"line":422,"column":16},"end":{"line":452,"column":17}},"152":{"start":{"line":425,"column":20},"end":{"line":430,"column":39}},"153":{"start":{"line":431,"column":20},"end":{"line":431,"column":26}},"154":{"start":{"line":434,"column":20},"end":{"line":436,"column":39}},"155":{"start":{"line":437,"column":20},"end":{"line":437,"column":26}},"156":{"start":{"line":440,"column":20},"end":{"line":442,"column":39}},"157":{"start":{"line":443,"column":20},"end":{"line":443,"column":26}},"158":{"start":{"line":446,"column":20},"end":{"line":446,"column":76}},"159":{"start":{"line":447,"column":20},"end":{"line":447,"column":88}},"160":{"start":{"line":448,"column":20},"end":{"line":448,"column":37}},"161":{"start":{"line":449,"column":20},"end":{"line":449,"column":26}},"162":{"start":{"line":451,"column":20},"end":{"line":451,"column":41}},"163":{"start":{"line":454,"column":12},"end":{"line":454,"column":33}},"164":{"start":{"line":455,"column":12},"end":{"line":455,"column":29}},"165":{"start":{"line":458,"column":8},"end":{"line":504,"column":10}},"166":{"start":{"line":462,"column":12},"end":{"line":464,"column":15}},"167":{"start":{"line":465,"column":12},"end":{"line":501,"column":15}},"168":{"start":{"line":466,"column":16},"end":{"line":500,"column":17}},"169":{"start":{"line":468,"column":20},"end":{"line":477,"column":21}},"170":{"start":{"line":470,"column":24},"end":{"line":475,"column":43}},"171":{"start":{"line":476,"column":24},"end":{"line":476,"column":31}},"172":{"start":{"line":478,"column":20},"end":{"line":478,"column":37}},"173":{"start":{"line":479,"column":20},"end":{"line":479,"column":26}},"174":{"start":{"line":482,"column":20},"end":{"line":484,"column":39}},"175":{"start":{"line":485,"column":20},"end":{"line":485,"column":26}},"176":{"start":{"line":488,"column":20},"end":{"line":490,"column":39}},"177":{"start":{"line":491,"column":20},"end":{"line":491,"column":26}},"178":{"start":{"line":494,"column":20},"end":{"line":494,"column":76}},"179":{"start":{"line":495,"column":20},"end":{"line":495,"column":88}},"180":{"start":{"line":496,"column":20},"end":{"line":496,"column":37}},"181":{"start":{"line":497,"column":20},"end":{"line":497,"column":26}},"182":{"start":{"line":499,"column":20},"end":{"line":499,"column":41}},"183":{"start":{"line":502,"column":12},"end":{"line":502,"column":33}},"184":{"start":{"line":503,"column":12},"end":{"line":503,"column":29}},"185":{"start":{"line":506,"column":8},"end":{"line":546,"column":10}},"186":{"start":{"line":510,"column":12},"end":{"line":510,"column":27}},"187":{"start":{"line":511,"column":12},"end":{"line":519,"column":15}},"188":{"start":{"line":520,"column":12},"end":{"line":543,"column":15}},"189":{"start":{"line":521,"column":16},"end":{"line":542,"column":17}},"190":{"start":{"line":524,"column":20},"end":{"line":526,"column":39}},"191":{"start":{"line":527,"column":20},"end":{"line":527,"column":26}},"192":{"start":{"line":529,"column":20},"end":{"line":529,"column":66}},"193":{"start":{"line":530,"column":20},"end":{"line":530,"column":44}},"194":{"start":{"line":531,"column":20},"end":{"line":537,"column":23}},"195":{"start":{"line":532,"column":24},"end":{"line":532,"column":48}},"196":{"start":{"line":534,"column":24},"end":{"line":536,"column":39}},"197":{"start":{"line":538,"column":20},"end":{"line":538,"column":33}},"198":{"start":{"line":539,"column":20},"end":{"line":539,"column":26}},"199":{"start":{"line":541,"column":20},"end":{"line":541,"column":41}},"200":{"start":{"line":544,"column":12},"end":{"line":544,"column":33}},"201":{"start":{"line":545,"column":12},"end":{"line":545,"column":29}},"202":{"start":{"line":548,"column":8},"end":{"line":605,"column":10}},"203":{"start":{"line":552,"column":12},"end":{"line":552,"column":26}},"204":{"start":{"line":553,"column":12},"end":{"line":561,"column":15}},"205":{"start":{"line":562,"column":12},"end":{"line":602,"column":15}},"206":{"start":{"line":563,"column":16},"end":{"line":601,"column":17}},"207":{"start":{"line":566,"column":20},"end":{"line":566,"column":35}},"208":{"start":{"line":567,"column":20},"end":{"line":570,"column":22}},"209":{"start":{"line":572,"column":20},"end":{"line":572,"column":91}},"210":{"start":{"line":573,"column":20},"end":{"line":573,"column":26}},"211":{"start":{"line":576,"column":20},"end":{"line":576,"column":67}},"212":{"start":{"line":578,"column":20},"end":{"line":581,"column":22}},"213":{"start":{"line":582,"column":20},"end":{"line":585,"column":22}},"214":{"start":{"line":587,"column":20},"end":{"line":590,"column":22}},"215":{"start":{"line":591,"column":20},"end":{"line":594,"column":22}},"216":{"start":{"line":596,"column":20},"end":{"line":596,"column":71}},"217":{"start":{"line":597,"column":20},"end":{"line":597,"column":83}},"218":{"start":{"line":598,"column":20},"end":{"line":598,"column":26}},"219":{"start":{"line":600,"column":20},"end":{"line":600,"column":41}},"220":{"start":{"line":603,"column":12},"end":{"line":603,"column":33}},"221":{"start":{"line":604,"column":12},"end":{"line":604,"column":29}},"222":{"start":{"line":607,"column":8},"end":{"line":685,"column":10}},"223":{"start":{"line":611,"column":12},"end":{"line":611,"column":26}},"224":{"start":{"line":612,"column":12},"end":{"line":616,"column":15}},"225":{"start":{"line":617,"column":12},"end":{"line":682,"column":15}},"226":{"start":{"line":618,"column":16},"end":{"line":681,"column":17}},"227":{"start":{"line":621,"column":20},"end":{"line":621,"column":71}},"228":{"start":{"line":622,"column":20},"end":{"line":631,"column":21}},"229":{"start":{"line":624,"column":24},"end":{"line":629,"column":43}},"230":{"start":{"line":630,"column":24},"end":{"line":630,"column":31}},"231":{"start":{"line":632,"column":20},"end":{"line":632,"column":37}},"232":{"start":{"line":633,"column":20},"end":{"line":633,"column":26}},"233":{"start":{"line":635,"column":20},"end":{"line":635,"column":83}},"234":{"start":{"line":636,"column":20},"end":{"line":636,"column":26}},"235":{"start":{"line":638,"column":20},"end":{"line":638,"column":82}},"236":{"start":{"line":639,"column":20},"end":{"line":639,"column":82}},"237":{"start":{"line":641,"column":20},"end":{"line":641,"column":66}},"238":{"start":{"line":642,"column":20},"end":{"line":645,"column":22}},"239":{"start":{"line":647,"column":20},"end":{"line":647,"column":71}},"240":{"start":{"line":649,"column":20},"end":{"line":651,"column":39}},"241":{"start":{"line":652,"column":20},"end":{"line":652,"column":26}},"242":{"start":{"line":655,"column":20},"end":{"line":658,"column":22}},"243":{"start":{"line":659,"column":20},"end":{"line":662,"column":22}},"244":{"start":{"line":664,"column":20},"end":{"line":667,"column":22}},"245":{"start":{"line":668,"column":20},"end":{"line":671,"column":22}},"246":{"start":{"line":673,"column":20},"end":{"line":676,"column":22}},"247":{"start":{"line":677,"column":20},"end":{"line":677,"column":83}},"248":{"start":{"line":678,"column":20},"end":{"line":678,"column":26}},"249":{"start":{"line":680,"column":20},"end":{"line":680,"column":41}},"250":{"start":{"line":683,"column":12},"end":{"line":683,"column":33}},"251":{"start":{"line":684,"column":12},"end":{"line":684,"column":29}},"252":{"start":{"line":687,"column":8},"end":{"line":731,"column":10}},"253":{"start":{"line":691,"column":12},"end":{"line":691,"column":33}},"254":{"start":{"line":692,"column":12},"end":{"line":692,"column":25}},"255":{"start":{"line":693,"column":12},"end":{"line":729,"column":14}},"256":{"start":{"line":694,"column":16},"end":{"line":694,"column":30}},"257":{"start":{"line":695,"column":16},"end":{"line":728,"column":17}},"258":{"start":{"line":697,"column":20},"end":{"line":699,"column":23}},"259":{"start":{"line":701,"column":20},"end":{"line":703,"column":31}},"260":{"start":{"line":704,"column":20},"end":{"line":704,"column":26}},"261":{"start":{"line":707,"column":20},"end":{"line":707,"column":48}},"262":{"start":{"line":709,"column":20},"end":{"line":709,"column":74}},"263":{"start":{"line":710,"column":20},"end":{"line":710,"column":69}},"264":{"start":{"line":712,"column":20},"end":{"line":712,"column":71}},"265":{"start":{"line":713,"column":20},"end":{"line":713,"column":96}},"266":{"start":{"line":715,"column":20},"end":{"line":717,"column":31}},"267":{"start":{"line":718,"column":20},"end":{"line":718,"column":26}},"268":{"start":{"line":721,"column":20},"end":{"line":721,"column":47}},"269":{"start":{"line":723,"column":20},"end":{"line":723,"column":64}},"270":{"start":{"line":724,"column":20},"end":{"line":724,"column":29}},"271":{"start":{"line":725,"column":20},"end":{"line":725,"column":26}},"272":{"start":{"line":727,"column":20},"end":{"line":727,"column":41}},"273":{"start":{"line":730,"column":12},"end":{"line":730,"column":21}},"274":{"start":{"line":733,"column":8},"end":{"line":776,"column":10}},"275":{"start":{"line":737,"column":12},"end":{"line":737,"column":25}},"276":{"start":{"line":738,"column":12},"end":{"line":773,"column":15}},"277":{"start":{"line":739,"column":16},"end":{"line":772,"column":17}},"278":{"start":{"line":741,"column":20},"end":{"line":744,"column":22}},"279":{"start":{"line":745,"column":20},"end":{"line":745,"column":50}},"280":{"start":{"line":747,"column":20},"end":{"line":754,"column":39}},"281":{"start":{"line":755,"column":20},"end":{"line":755,"column":26}},"282":{"start":{"line":758,"column":20},"end":{"line":758,"column":76}},"283":{"start":{"line":759,"column":20},"end":{"line":759,"column":94}},"284":{"start":{"line":760,"column":20},"end":{"line":762,"column":23}},"285":{"start":{"line":764,"column":20},"end":{"line":764,"column":83}},"286":{"start":{"line":765,"column":20},"end":{"line":765,"column":26}},"287":{"start":{"line":768,"column":20},"end":{"line":768,"column":86}},"288":{"start":{"line":769,"column":20},"end":{"line":769,"column":26}},"289":{"start":{"line":771,"column":20},"end":{"line":771,"column":35}},"290":{"start":{"line":774,"column":12},"end":{"line":774,"column":33}},"291":{"start":{"line":775,"column":12},"end":{"line":775,"column":29}},"292":{"start":{"line":778,"column":8},"end":{"line":800,"column":10}},"293":{"start":{"line":782,"column":12},"end":{"line":782,"column":25}},"294":{"start":{"line":783,"column":12},"end":{"line":797,"column":15}},"295":{"start":{"line":784,"column":16},"end":{"line":796,"column":17}},"296":{"start":{"line":787,"column":20},"end":{"line":787,"column":96}},"297":{"start":{"line":788,"column":20},"end":{"line":788,"column":26}},"298":{"start":{"line":791,"column":20},"end":{"line":791,"column":76}},"299":{"start":{"line":792,"column":20},"end":{"line":792,"column":37}},"300":{"start":{"line":793,"column":20},"end":{"line":793,"column":26}},"301":{"start":{"line":795,"column":20},"end":{"line":795,"column":35}},"302":{"start":{"line":798,"column":12},"end":{"line":798,"column":33}},"303":{"start":{"line":799,"column":12},"end":{"line":799,"column":29}},"304":{"start":{"line":802,"column":8},"end":{"line":827,"column":10}},"305":{"start":{"line":806,"column":12},"end":{"line":806,"column":27}},"306":{"start":{"line":807,"column":12},"end":{"line":807,"column":51}},"307":{"start":{"line":808,"column":12},"end":{"line":808,"column":36}},"308":{"start":{"line":809,"column":12},"end":{"line":825,"column":15}},"309":{"start":{"line":814,"column":16},"end":{"line":814,"column":28}},"310":{"start":{"line":815,"column":16},"end":{"line":815,"column":40}},"311":{"start":{"line":816,"column":16},"end":{"line":824,"column":19}},"312":{"start":{"line":820,"column":20},"end":{"line":820,"column":48}},"313":{"start":{"line":822,"column":20},"end":{"line":822,"column":78}},"314":{"start":{"line":823,"column":20},"end":{"line":823,"column":33}},"315":{"start":{"line":826,"column":12},"end":{"line":826,"column":25}},"316":{"start":{"line":829,"column":8},"end":{"line":855,"column":10}},"317":{"start":{"line":833,"column":12},"end":{"line":833,"column":27}},"318":{"start":{"line":834,"column":12},"end":{"line":834,"column":51}},"319":{"start":{"line":835,"column":12},"end":{"line":835,"column":36}},"320":{"start":{"line":836,"column":12},"end":{"line":836,"column":52}},"321":{"start":{"line":837,"column":12},"end":{"line":837,"column":36}},"322":{"start":{"line":838,"column":12},"end":{"line":844,"column":15}},"323":{"start":{"line":840,"column":16},"end":{"line":840,"column":44}},"324":{"start":{"line":842,"column":16},"end":{"line":842,"column":76}},"325":{"start":{"line":843,"column":16},"end":{"line":843,"column":29}},"326":{"start":{"line":845,"column":12},"end":{"line":845,"column":53}},"327":{"start":{"line":846,"column":12},"end":{"line":846,"column":36}},"328":{"start":{"line":847,"column":12},"end":{"line":853,"column":15}},"329":{"start":{"line":849,"column":16},"end":{"line":849,"column":43}},"330":{"start":{"line":851,"column":16},"end":{"line":851,"column":84}},"331":{"start":{"line":852,"column":16},"end":{"line":852,"column":29}},"332":{"start":{"line":854,"column":12},"end":{"line":854,"column":25}},"333":{"start":{"line":857,"column":8},"end":{"line":885,"column":10}},"334":{"start":{"line":861,"column":12},"end":{"line":861,"column":27}},"335":{"start":{"line":862,"column":12},"end":{"line":862,"column":51}},"336":{"start":{"line":863,"column":12},"end":{"line":863,"column":36}},"337":{"start":{"line":864,"column":12},"end":{"line":883,"column":15}},"338":{"start":{"line":874,"column":16},"end":{"line":874,"column":73}},"339":{"start":{"line":875,"column":16},"end":{"line":875,"column":40}},"340":{"start":{"line":876,"column":16},"end":{"line":882,"column":19}},"341":{"start":{"line":878,"column":20},"end":{"line":878,"column":47}},"342":{"start":{"line":880,"column":20},"end":{"line":880,"column":89}},"343":{"start":{"line":881,"column":20},"end":{"line":881,"column":33}},"344":{"start":{"line":884,"column":12},"end":{"line":884,"column":25}},"345":{"start":{"line":887,"column":8},"end":{"line":909,"column":10}},"346":{"start":{"line":891,"column":12},"end":{"line":891,"column":25}},"347":{"start":{"line":892,"column":12},"end":{"line":906,"column":15}},"348":{"start":{"line":893,"column":16},"end":{"line":905,"column":17}},"349":{"start":{"line":895,"column":20},"end":{"line":895,"column":87}},"350":{"start":{"line":896,"column":20},"end":{"line":896,"column":26}},"351":{"start":{"line":899,"column":20},"end":{"line":899,"column":76}},"352":{"start":{"line":900,"column":20},"end":{"line":900,"column":60}},"353":{"start":{"line":901,"column":20},"end":{"line":901,"column":37}},"354":{"start":{"line":902,"column":20},"end":{"line":902,"column":26}},"355":{"start":{"line":904,"column":20},"end":{"line":904,"column":35}},"356":{"start":{"line":907,"column":12},"end":{"line":907,"column":33}},"357":{"start":{"line":908,"column":12},"end":{"line":908,"column":29}},"358":{"start":{"line":911,"column":8},"end":{"line":1016,"column":10}},"359":{"start":{"line":915,"column":12},"end":{"line":915,"column":33}},"360":{"start":{"line":916,"column":12},"end":{"line":916,"column":25}},"361":{"start":{"line":917,"column":12},"end":{"line":1014,"column":14}},"362":{"start":{"line":918,"column":16},"end":{"line":918,"column":30}},"363":{"start":{"line":919,"column":16},"end":{"line":1013,"column":17}},"364":{"start":{"line":922,"column":20},"end":{"line":922,"column":50}},"365":{"start":{"line":924,"column":20},"end":{"line":924,"column":33}},"366":{"start":{"line":925,"column":20},"end":{"line":925,"column":54}},"367":{"start":{"line":926,"column":20},"end":{"line":926,"column":26}},"368":{"start":{"line":929,"column":20},"end":{"line":929,"column":47}},"369":{"start":{"line":931,"column":20},"end":{"line":931,"column":79}},"370":{"start":{"line":932,"column":20},"end":{"line":932,"column":63}},"371":{"start":{"line":933,"column":20},"end":{"line":933,"column":26}},"372":{"start":{"line":936,"column":20},"end":{"line":936,"column":47}},"373":{"start":{"line":938,"column":20},"end":{"line":938,"column":64}},"374":{"start":{"line":940,"column":20},"end":{"line":940,"column":82}},"375":{"start":{"line":942,"column":20},"end":{"line":942,"column":33}},"376":{"start":{"line":943,"column":20},"end":{"line":943,"column":54}},"377":{"start":{"line":944,"column":20},"end":{"line":944,"column":26}},"378":{"start":{"line":947,"column":20},"end":{"line":947,"column":47}},"379":{"start":{"line":949,"column":20},"end":{"line":949,"column":64}},"380":{"start":{"line":951,"column":20},"end":{"line":951,"column":82}},"381":{"start":{"line":953,"column":20},"end":{"line":953,"column":72}},"382":{"start":{"line":954,"column":20},"end":{"line":954,"column":63}},"383":{"start":{"line":955,"column":20},"end":{"line":955,"column":26}},"384":{"start":{"line":958,"column":20},"end":{"line":958,"column":48}},"385":{"start":{"line":960,"column":20},"end":{"line":960,"column":64}},"386":{"start":{"line":962,"column":20},"end":{"line":962,"column":81}},"387":{"start":{"line":964,"column":20},"end":{"line":964,"column":74}},"388":{"start":{"line":965,"column":20},"end":{"line":965,"column":26}},"389":{"start":{"line":968,"column":20},"end":{"line":968,"column":48}},"390":{"start":{"line":970,"column":20},"end":{"line":970,"column":64}},"391":{"start":{"line":972,"column":20},"end":{"line":972,"column":81}},"392":{"start":{"line":975,"column":20},"end":{"line":975,"column":90}},"393":{"start":{"line":976,"column":20},"end":{"line":976,"column":54}},"394":{"start":{"line":977,"column":20},"end":{"line":977,"column":26}},"395":{"start":{"line":980,"column":20},"end":{"line":980,"column":48}},"396":{"start":{"line":982,"column":20},"end":{"line":982,"column":64}},"397":{"start":{"line":984,"column":20},"end":{"line":984,"column":81}},"398":{"start":{"line":986,"column":20},"end":{"line":986,"column":33}},"399":{"start":{"line":987,"column":20},"end":{"line":987,"column":54}},"400":{"start":{"line":988,"column":20},"end":{"line":988,"column":26}},"401":{"start":{"line":991,"column":20},"end":{"line":991,"column":47}},"402":{"start":{"line":993,"column":20},"end":{"line":993,"column":64}},"403":{"start":{"line":995,"column":20},"end":{"line":995,"column":95}},"404":{"start":{"line":996,"column":20},"end":{"line":996,"column":26}},"405":{"start":{"line":999,"column":20},"end":{"line":999,"column":47}},"406":{"start":{"line":1001,"column":20},"end":{"line":1001,"column":64}},"407":{"start":{"line":1003,"column":20},"end":{"line":1003,"column":94}},"408":{"start":{"line":1004,"column":20},"end":{"line":1004,"column":54}},"409":{"start":{"line":1005,"column":20},"end":{"line":1005,"column":26}},"410":{"start":{"line":1008,"column":20},"end":{"line":1008,"column":47}},"411":{"start":{"line":1010,"column":20},"end":{"line":1010,"column":64}},"412":{"start":{"line":1011,"column":20},"end":{"line":1011,"column":40}},"413":{"start":{"line":1012,"column":20},"end":{"line":1012,"column":26}},"414":{"start":{"line":1015,"column":12},"end":{"line":1015,"column":21}},"415":{"start":{"line":1018,"column":8},"end":{"line":1107,"column":10}},"416":{"start":{"line":1022,"column":12},"end":{"line":1022,"column":27}},"417":{"start":{"line":1023,"column":12},"end":{"line":1023,"column":51}},"418":{"start":{"line":1024,"column":12},"end":{"line":1024,"column":36}},"419":{"start":{"line":1026,"column":12},"end":{"line":1026,"column":55}},"420":{"start":{"line":1027,"column":12},"end":{"line":1063,"column":14}},"421":{"start":{"line":1064,"column":12},"end":{"line":1064,"column":36}},"422":{"start":{"line":1065,"column":12},"end":{"line":1088,"column":15}},"423":{"start":{"line":1067,"column":16},"end":{"line":1067,"column":44}},"424":{"start":{"line":1069,"column":16},"end":{"line":1086,"column":19}},"425":{"start":{"line":1087,"column":16},"end":{"line":1087,"column":29}},"426":{"start":{"line":1089,"column":12},"end":{"line":1095,"column":14}},"427":{"start":{"line":1096,"column":12},"end":{"line":1096,"column":36}},"428":{"start":{"line":1097,"column":12},"end":{"line":1105,"column":15}},"429":{"start":{"line":1099,"column":16},"end":{"line":1099,"column":44}},"430":{"start":{"line":1101,"column":16},"end":{"line":1103,"column":19}},"431":{"start":{"line":1104,"column":16},"end":{"line":1104,"column":29}},"432":{"start":{"line":1106,"column":12},"end":{"line":1106,"column":25}},"433":{"start":{"line":1109,"column":8},"end":{"line":1143,"column":10}},"434":{"start":{"line":1113,"column":12},"end":{"line":1113,"column":27}},"435":{"start":{"line":1114,"column":12},"end":{"line":1114,"column":51}},"436":{"start":{"line":1115,"column":12},"end":{"line":1115,"column":36}},"437":{"start":{"line":1116,"column":12},"end":{"line":1116,"column":83}},"438":{"start":{"line":1117,"column":12},"end":{"line":1141,"column":15}},"439":{"start":{"line":1133,"column":16},"end":{"line":1133,"column":60}},"440":{"start":{"line":1134,"column":16},"end":{"line":1134,"column":63}},"441":{"start":{"line":1135,"column":16},"end":{"line":1135,"column":40}},"442":{"start":{"line":1136,"column":16},"end":{"line":1140,"column":19}},"443":{"start":{"line":1138,"column":20},"end":{"line":1138,"column":49}},"444":{"start":{"line":1139,"column":20},"end":{"line":1139,"column":33}},"445":{"start":{"line":1142,"column":12},"end":{"line":1142,"column":25}},"446":{"start":{"line":1145,"column":8},"end":{"line":1167,"column":10}},"447":{"start":{"line":1149,"column":12},"end":{"line":1155,"column":14}},"448":{"start":{"line":1156,"column":12},"end":{"line":1166,"column":15}},"449":{"start":{"line":1158,"column":16},"end":{"line":1158,"column":44}},"450":{"start":{"line":1160,"column":16},"end":{"line":1164,"column":19}},"451":{"start":{"line":1165,"column":16},"end":{"line":1165,"column":26}},"452":{"start":{"line":1169,"column":8},"end":{"line":1219,"column":10}},"453":{"start":{"line":1173,"column":12},"end":{"line":1176,"column":14}},"454":{"start":{"line":1177,"column":12},"end":{"line":1217,"column":15}},"455":{"start":{"line":1209,"column":16},"end":{"line":1209,"column":60}},"456":{"start":{"line":1210,"column":16},"end":{"line":1210,"column":58}},"457":{"start":{"line":1211,"column":16},"end":{"line":1211,"column":48}},"458":{"start":{"line":1213,"column":16},"end":{"line":1213,"column":94}},"459":{"start":{"line":1214,"column":16},"end":{"line":1214,"column":82}},"460":{"start":{"line":1215,"column":16},"end":{"line":1215,"column":94}},"461":{"start":{"line":1216,"column":16},"end":{"line":1216,"column":48}},"462":{"start":{"line":1218,"column":12},"end":{"line":1218,"column":22}},"463":{"start":{"line":1221,"column":8},"end":{"line":1288,"column":10}},"464":{"start":{"line":1225,"column":12},"end":{"line":1228,"column":14}},"465":{"start":{"line":1229,"column":12},"end":{"line":1286,"column":15}},"466":{"start":{"line":1276,"column":16},"end":{"line":1283,"column":30}},"467":{"start":{"line":1277,"column":20},"end":{"line":1280,"column":21}},"468":{"start":{"line":1278,"column":24},"end":{"line":1278,"column":68}},"469":{"start":{"line":1279,"column":24},"end":{"line":1279,"column":66}},"470":{"start":{"line":1281,"column":20},"end":{"line":1281,"column":52}},"471":{"start":{"line":1282,"column":20},"end":{"line":1282,"column":52}},"472":{"start":{"line":1285,"column":16},"end":{"line":1285,"column":85}},"473":{"start":{"line":1287,"column":12},"end":{"line":1287,"column":22}},"474":{"start":{"line":1290,"column":8},"end":{"line":1372,"column":10}},"475":{"start":{"line":1294,"column":12},"end":{"line":1294,"column":25}},"476":{"start":{"line":1296,"column":12},"end":{"line":1302,"column":15}},"477":{"start":{"line":1297,"column":16},"end":{"line":1299,"column":30}},"478":{"start":{"line":1298,"column":20},"end":{"line":1298,"column":53}},"479":{"start":{"line":1301,"column":16},"end":{"line":1301,"column":80}},"480":{"start":{"line":1303,"column":12},"end":{"line":1335,"column":15}},"481":{"start":{"line":1338,"column":12},"end":{"line":1338,"column":70}},"482":{"start":{"line":1339,"column":12},"end":{"line":1370,"column":15}},"483":{"start":{"line":1362,"column":16},"end":{"line":1367,"column":30}},"484":{"start":{"line":1363,"column":20},"end":{"line":1366,"column":33}},"485":{"start":{"line":1369,"column":16},"end":{"line":1369,"column":80}},"486":{"start":{"line":1371,"column":12},"end":{"line":1371,"column":22}},"487":{"start":{"line":1374,"column":4},"end":{"line":1545,"column":5}},"488":{"start":{"line":1380,"column":8},"end":{"line":1388,"column":10}},"489":{"start":{"line":1384,"column":12},"end":{"line":1384,"column":25}},"490":{"start":{"line":1385,"column":12},"end":{"line":1385,"column":60}},"491":{"start":{"line":1386,"column":12},"end":{"line":1386,"column":50}},"492":{"start":{"line":1387,"column":12},"end":{"line":1387,"column":38}},"493":{"start":{"line":1390,"column":8},"end":{"line":1405,"column":10}},"494":{"start":{"line":1394,"column":12},"end":{"line":1400,"column":14}},"495":{"start":{"line":1401,"column":12},"end":{"line":1403,"column":15}},"496":{"start":{"line":1402,"column":16},"end":{"line":1402,"column":42}},"497":{"start":{"line":1404,"column":12},"end":{"line":1404,"column":22}},"498":{"start":{"line":1407,"column":8},"end":{"line":1429,"column":10}},"499":{"start":{"line":1411,"column":12},"end":{"line":1411,"column":25}},"500":{"start":{"line":1412,"column":12},"end":{"line":1426,"column":14}},"501":{"start":{"line":1413,"column":16},"end":{"line":1413,"column":85}},"502":{"start":{"line":1415,"column":16},"end":{"line":1415,"column":72}},"503":{"start":{"line":1417,"column":16},"end":{"line":1417,"column":76}},"504":{"start":{"line":1419,"column":16},"end":{"line":1419,"column":82}},"505":{"start":{"line":1421,"column":16},"end":{"line":1421,"column":76}},"506":{"start":{"line":1422,"column":16},"end":{"line":1422,"column":82}},"507":{"start":{"line":1424,"column":16},"end":{"line":1424,"column":68}},"508":{"start":{"line":1425,"column":16},"end":{"line":1425,"column":26}},"509":{"start":{"line":1427,"column":12},"end":{"line":1427,"column":78}},"510":{"start":{"line":1428,"column":12},"end":{"line":1428,"column":71}},"511":{"start":{"line":1431,"column":8},"end":{"line":1466,"column":10}},"512":{"start":{"line":1435,"column":12},"end":{"line":1435,"column":27}},"513":{"start":{"line":1436,"column":12},"end":{"line":1444,"column":15}},"514":{"start":{"line":1437,"column":16},"end":{"line":1443,"column":25}},"515":{"start":{"line":1439,"column":20},"end":{"line":1439,"column":72}},"516":{"start":{"line":1441,"column":20},"end":{"line":1441,"column":72}},"517":{"start":{"line":1442,"column":20},"end":{"line":1442,"column":35}},"518":{"start":{"line":1445,"column":12},"end":{"line":1445,"column":36}},"519":{"start":{"line":1446,"column":12},"end":{"line":1446,"column":68}},"520":{"start":{"line":1447,"column":12},"end":{"line":1459,"column":15}},"521":{"start":{"line":1448,"column":16},"end":{"line":1458,"column":19}},"522":{"start":{"line":1451,"column":20},"end":{"line":1457,"column":23}},"523":{"start":{"line":1452,"column":24},"end":{"line":1452,"column":48}},"524":{"start":{"line":1453,"column":24},"end":{"line":1456,"column":52}},"525":{"start":{"line":1454,"column":28},"end":{"line":1454,"column":44}},"526":{"start":{"line":1455,"column":28},"end":{"line":1455,"column":41}},"527":{"start":{"line":1461,"column":12},"end":{"line":1461,"column":79}},"528":{"start":{"line":1463,"column":12},"end":{"line":1463,"column":90}},"529":{"start":{"line":1464,"column":12},"end":{"line":1464,"column":90}},"530":{"start":{"line":1465,"column":12},"end":{"line":1465,"column":25}},"531":{"start":{"line":1468,"column":8},"end":{"line":1483,"column":10}},"532":{"start":{"line":1472,"column":12},"end":{"line":1476,"column":14}},"533":{"start":{"line":1477,"column":12},"end":{"line":1481,"column":15}},"534":{"start":{"line":1478,"column":16},"end":{"line":1478,"column":90}},"535":{"start":{"line":1479,"column":16},"end":{"line":1480,"column":29}},"536":{"start":{"line":1482,"column":12},"end":{"line":1482,"column":22}},"537":{"start":{"line":1484,"column":8},"end":{"line":1484,"column":14}},"538":{"start":{"line":1490,"column":8},"end":{"line":1508,"column":10}},"539":{"start":{"line":1494,"column":12},"end":{"line":1506,"column":15}},"540":{"start":{"line":1507,"column":12},"end":{"line":1507,"column":45}},"541":{"start":{"line":1510,"column":8},"end":{"line":1518,"column":10}},"542":{"start":{"line":1514,"column":12},"end":{"line":1516,"column":14}},"543":{"start":{"line":1517,"column":12},"end":{"line":1517,"column":45}},"544":{"start":{"line":1520,"column":8},"end":{"line":1532,"column":10}},"545":{"start":{"line":1524,"column":12},"end":{"line":1524,"column":25}},"546":{"start":{"line":1525,"column":12},"end":{"line":1525,"column":76}},"547":{"start":{"line":1526,"column":12},"end":{"line":1526,"column":58}},"548":{"start":{"line":1527,"column":12},"end":{"line":1530,"column":14}},"549":{"start":{"line":1531,"column":12},"end":{"line":1531,"column":58}},"550":{"start":{"line":1534,"column":8},"end":{"line":1543,"column":10}},"551":{"start":{"line":1538,"column":12},"end":{"line":1541,"column":14}},"552":{"start":{"line":1542,"column":12},"end":{"line":1542,"column":48}},"553":{"start":{"line":1544,"column":8},"end":{"line":1544,"column":14}},"554":{"start":{"line":1550,"column":4},"end":{"line":2047,"column":9}},"555":{"start":{"line":1552,"column":8},"end":{"line":1949,"column":11}},"556":{"start":{"line":1951,"column":8},"end":{"line":1951,"column":82}},"557":{"start":{"line":1953,"column":8},"end":{"line":1978,"column":11}},"558":{"start":{"line":1958,"column":12},"end":{"line":1977,"column":13}},"559":{"start":{"line":1961,"column":16},"end":{"line":1966,"column":18}},"560":{"start":{"line":1962,"column":20},"end":{"line":1962,"column":79}},"561":{"start":{"line":1967,"column":16},"end":{"line":1967,"column":22}},"562":{"start":{"line":1972,"column":16},"end":{"line":1972,"column":92}},"563":{"start":{"line":1973,"column":16},"end":{"line":1973,"column":22}},"564":{"start":{"line":1976,"column":16},"end":{"line":1976,"column":78}},"565":{"start":{"line":1980,"column":8},"end":{"line":2039,"column":11}},"566":{"start":{"line":1998,"column":20},"end":{"line":2000,"column":22}},"567":{"start":{"line":2041,"column":8},"end":{"line":2046,"column":10}},"568":{"start":{"line":2042,"column":12},"end":{"line":2042,"column":47}},"569":{"start":{"line":2043,"column":12},"end":{"line":2045,"column":51}},"570":{"start":{"line":2048,"column":4},"end":{"line":2066,"column":5}},"571":{"start":{"line":2055,"column":8},"end":{"line":2057,"column":9},"skip":true},"572":{"start":{"line":2056,"column":12},"end":{"line":2056,"column":18},"skip":true},"573":{"start":{"line":2059,"column":8},"end":{"line":2059,"column":82}},"574":{"start":{"line":2060,"column":8},"end":{"line":2060,"column":80}},"575":{"start":{"line":2061,"column":8},"end":{"line":2061,"column":83}},"576":{"start":{"line":2062,"column":8},"end":{"line":2062,"column":76}},"577":{"start":{"line":2063,"column":8},"end":{"line":2063,"column":74}},"578":{"start":{"line":2064,"column":8},"end":{"line":2064,"column":77}},"579":{"start":{"line":2065,"column":8},"end":{"line":2065,"column":14}}},"branchMap":{"1":{"line":25,"type":"binary-expr","locations":[{"start":{"line":25,"column":23},"end":{"line":25,"column":62}},{"start":{"line":26,"column":20},"end":{"line":26,"column":70}},{"start":{"line":27,"column":20},"end":{"line":27,"column":71}},{"start":{"line":28,"column":20},"end":{"line":28,"column":29}}]},"2":{"line":30,"type":"binary-expr","locations":[{"start":{"line":30,"column":23},"end":{"line":30,"column":37}},{"start":{"line":31,"column":20},"end":{"line":31,"column":61}},{"start":{"line":32,"column":20},"end":{"line":32,"column":70}},{"start":{"line":33,"column":20},"end":{"line":33,"column":26}}]},"3":{"line":37,"type":"cond-expr","locations":[{"start":{"line":38,"column":14},"end":{"line":38,"column":20}},{"start":{"line":39,"column":14},"end":{"line":39,"column":20}}]},"4":{"line":40,"type":"switch","locations":[{"start":{"line":42,"column":8},"end":{"line":45,"column":18}},{"start":{"line":47,"column":8},"end":{"line":50,"column":18}}]},"5":{"line":43,"type":"binary-expr","locations":[{"start":{"line":43,"column":20},"end":{"line":43,"column":48}},{"start":{"line":43,"column":52},"end":{"line":43,"column":70}}]},"6":{"line":48,"type":"binary-expr","locations":[{"start":{"line":48,"column":21},"end":{"line":48,"column":49}},{"start":{"line":48,"column":53},"end":{"line":48,"column":81}}]},"7":{"line":63,"type":"switch","locations":[{"start":{"line":64,"column":12},"end":{"line":72,"column":22}},{"start":{"line":73,"column":12},"end":{"line":81,"column":22}},{"start":{"line":82,"column":12},"end":{"line":90,"column":22}},{"start":{"line":91,"column":12},"end":{"line":99,"column":84}}]},"8":{"line":96,"type":"binary-expr","locations":[{"start":{"line":96,"column":42},"end":{"line":96,"column":57}},{"start":{"line":96,"column":61},"end":{"line":96,"column":79}}]},"9":{"line":139,"type":"if","locations":[{"start":{"line":139,"column":20},"end":{"line":139,"column":20}},{"start":{"line":139,"column":20},"end":{"line":139,"column":20}}]},"10":{"line":157,"type":"switch","locations":[{"start":{"line":158,"column":16},"end":{"line":163,"column":26}},{"start":{"line":164,"column":16},"end":{"line":169,"column":26}},{"start":{"line":170,"column":16},"end":{"line":171,"column":41}}]},"11":{"line":223,"type":"switch","locations":[{"start":{"line":224,"column":16},"end":{"line":230,"column":26}},{"start":{"line":231,"column":16},"end":{"line":237,"column":26}},{"start":{"line":238,"column":16},"end":{"line":241,"column":26}},{"start":{"line":242,"column":16},"end":{"line":245,"column":26}},{"start":{"line":246,"column":16},"end":{"line":247,"column":41}}]},"12":{"line":293,"type":"switch","locations":[{"start":{"line":294,"column":16},"end":{"line":299,"column":26}},{"start":{"line":300,"column":16},"end":{"line":308,"column":26}},{"start":{"line":309,"column":16},"end":{"line":310,"column":41}}]},"13":{"line":326,"type":"switch","locations":[{"start":{"line":327,"column":16},"end":{"line":332,"column":26}},{"start":{"line":333,"column":16},"end":{"line":350,"column":26}},{"start":{"line":351,"column":16},"end":{"line":352,"column":41}}]},"14":{"line":367,"type":"switch","locations":[{"start":{"line":368,"column":16},"end":{"line":373,"column":26}},{"start":{"line":374,"column":16},"end":{"line":382,"column":26}},{"start":{"line":383,"column":16},"end":{"line":384,"column":41}}]},"15":{"line":422,"type":"switch","locations":[{"start":{"line":423,"column":16},"end":{"line":431,"column":26}},{"start":{"line":432,"column":16},"end":{"line":437,"column":26}},{"start":{"line":438,"column":16},"end":{"line":443,"column":26}},{"start":{"line":444,"column":16},"end":{"line":449,"column":26}},{"start":{"line":450,"column":16},"end":{"line":451,"column":41}}]},"16":{"line":466,"type":"switch","locations":[{"start":{"line":467,"column":16},"end":{"line":479,"column":26}},{"start":{"line":480,"column":16},"end":{"line":485,"column":26}},{"start":{"line":486,"column":16},"end":{"line":491,"column":26}},{"start":{"line":492,"column":16},"end":{"line":497,"column":26}},{"start":{"line":498,"column":16},"end":{"line":499,"column":41}}]},"17":{"line":468,"type":"if","locations":[{"start":{"line":468,"column":20},"end":{"line":468,"column":20}},{"start":{"line":468,"column":20},"end":{"line":468,"column":20}}]},"18":{"line":521,"type":"switch","locations":[{"start":{"line":522,"column":16},"end":{"line":527,"column":26}},{"start":{"line":528,"column":16},"end":{"line":539,"column":26}},{"start":{"line":540,"column":16},"end":{"line":541,"column":41}}]},"19":{"line":563,"type":"switch","locations":[{"start":{"line":564,"column":16},"end":{"line":573,"column":26}},{"start":{"line":574,"column":16},"end":{"line":598,"column":26}},{"start":{"line":599,"column":16},"end":{"line":600,"column":41}}]},"20":{"line":618,"type":"switch","locations":[{"start":{"line":619,"column":16},"end":{"line":633,"column":26}},{"start":{"line":634,"column":16},"end":{"line":636,"column":26}},{"start":{"line":637,"column":16},"end":{"line":652,"column":26}},{"start":{"line":653,"column":16},"end":{"line":678,"column":26}},{"start":{"line":679,"column":16},"end":{"line":680,"column":41}}]},"21":{"line":622,"type":"if","locations":[{"start":{"line":622,"column":20},"end":{"line":622,"column":20}},{"start":{"line":622,"column":20},"end":{"line":622,"column":20}}]},"22":{"line":695,"type":"switch","locations":[{"start":{"line":696,"column":16},"end":{"line":704,"column":26}},{"start":{"line":705,"column":16},"end":{"line":718,"column":26}},{"start":{"line":719,"column":16},"end":{"line":725,"column":26}},{"start":{"line":726,"column":16},"end":{"line":727,"column":41}}]},"23":{"line":739,"type":"switch","locations":[{"start":{"line":740,"column":16},"end":{"line":755,"column":26}},{"start":{"line":756,"column":16},"end":{"line":765,"column":26}},{"start":{"line":766,"column":16},"end":{"line":769,"column":26}},{"start":{"line":770,"column":16},"end":{"line":771,"column":35}}]},"24":{"line":784,"type":"switch","locations":[{"start":{"line":785,"column":16},"end":{"line":788,"column":26}},{"start":{"line":789,"column":16},"end":{"line":793,"column":26}},{"start":{"line":794,"column":16},"end":{"line":795,"column":35}}]},"25":{"line":893,"type":"switch","locations":[{"start":{"line":894,"column":16},"end":{"line":896,"column":26}},{"start":{"line":897,"column":16},"end":{"line":902,"column":26}},{"start":{"line":903,"column":16},"end":{"line":904,"column":35}}]},"26":{"line":919,"type":"switch","locations":[{"start":{"line":920,"column":16},"end":{"line":926,"column":26}},{"start":{"line":927,"column":16},"end":{"line":933,"column":26}},{"start":{"line":934,"column":16},"end":{"line":944,"column":26}},{"start":{"line":945,"column":16},"end":{"line":955,"column":26}},{"start":{"line":956,"column":16},"end":{"line":965,"column":26}},{"start":{"line":966,"column":16},"end":{"line":977,"column":26}},{"start":{"line":978,"column":16},"end":{"line":988,"column":26}},{"start":{"line":989,"column":16},"end":{"line":996,"column":26}},{"start":{"line":997,"column":16},"end":{"line":1005,"column":26}},{"start":{"line":1006,"column":16},"end":{"line":1012,"column":26}}]},"27":{"line":1213,"type":"binary-expr","locations":[{"start":{"line":1213,"column":47},"end":{"line":1213,"column":75}},{"start":{"line":1213,"column":79},"end":{"line":1213,"column":93}}]},"28":{"line":1214,"type":"binary-expr","locations":[{"start":{"line":1214,"column":42},"end":{"line":1214,"column":65}},{"start":{"line":1214,"column":69},"end":{"line":1214,"column":81}}]},"29":{"line":1215,"type":"binary-expr","locations":[{"start":{"line":1215,"column":48},"end":{"line":1215,"column":77}},{"start":{"line":1215,"column":81},"end":{"line":1215,"column":93}}]},"30":{"line":1277,"type":"if","locations":[{"start":{"line":1277,"column":20},"end":{"line":1277,"column":20}},{"start":{"line":1277,"column":20},"end":{"line":1277,"column":20}}]},"31":{"line":1374,"type":"switch","locations":[{"start":{"line":1379,"column":4},"end":{"line":1484,"column":14}},{"start":{"line":1489,"column":4},"end":{"line":1544,"column":14}}]},"32":{"line":1958,"type":"switch","locations":[{"start":{"line":1959,"column":12},"end":{"line":1967,"column":22}},{"start":{"line":1968,"column":12},"end":{"line":1968,"column":34}},{"start":{"line":1969,"column":12},"end":{"line":1969,"column":32}},{"start":{"line":1970,"column":12},"end":{"line":1973,"column":22}},{"start":{"line":1974,"column":12},"end":{"line":1976,"column":78}}]},"33":{"line":1958,"type":"binary-expr","locations":[{"start":{"line":1958,"column":20},"end":{"line":1958,"column":43}},{"start":{"line":1958,"column":47},"end":{"line":1958,"column":82}}]},"34":{"line":1964,"type":"binary-expr","locations":[{"start":{"line":1964,"column":31},"end":{"line":1964,"column":59}},{"start":{"line":1964,"column":63},"end":{"line":1964,"column":69}}]},"35":{"line":1965,"type":"binary-expr","locations":[{"start":{"line":1965,"column":31},"end":{"line":1965,"column":58}},{"start":{"line":1965,"column":62},"end":{"line":1965,"column":68}}]},"36":{"line":2043,"type":"binary-expr","locations":[{"start":{"line":2043,"column":19},"end":{"line":2043,"column":45}},{"start":{"line":2044,"column":16},"end":{"line":2044,"column":55}},{"start":{"line":2045,"column":16},"end":{"line":2045,"column":50}}]},"37":{"line":2048,"type":"switch","locations":[{"start":{"line":2053,"column":4},"end":{"line":2065,"column":14}}]},"38":{"line":2055,"type":"if","locations":[{"start":{"line":2055,"column":8},"end":{"line":2055,"column":8},"skip":true},{"start":{"line":2055,"column":8},"end":{"line":2055,"column":8},"skip":true}]}},"code":["/* istanbul instrument in package swgg */","/*jslint","    bitwise: true,","    browser: true,","    maxerr: 8,","    maxlen: 96,","    node: true,","    nomen: true,","    regexp: true,","    stupid: true","*/","(function () {","    'use strict';","    var local;","","","","    // run shared js-env code - pre-init","    (function () {","        // init local","        local = {};","        // init modeJs","        local.modeJs = (function () {","            try {","                return typeof navigator.userAgent === 'string' &&","                    typeof document.querySelector('body') === 'object' &&","                    typeof XMLHttpRequest.prototype.open === 'function' &&","                    'browser';","            } catch (errorCaughtBrowser) {","                return module.exports &&","                    typeof process.versions.node === 'string' &&","                    typeof require('http').createServer === 'function' &&","                    'node';","            }","        }());","        // init global","        local.global = local.modeJs === 'browser'","            ? window","            : global;","        switch (local.modeJs) {","        // re-init local from window.local","        case 'browser':","            local = local.global.utility2_rollup || local.global.local;","            local.global.utility2.objectSetDefault(local, local.global.utility2);","            break;","        // re-init local from example.js","        case 'node':","            local = (local.global.utility2_rollup || require('./lib.utility2.js'))","                .requireExampleJsFromReadme();","            break;","        }","    }());","","","","    // run shared js-env code - function","    (function () {","        local.crudOptionsSetDefault = function (options, defaults) {","        /*","         * this function will set default-values for options","         */","            options = local.objectSetDefault(options, defaults);","            switch (options._tags0) {","            case 'pet':","                local.objectSetDefault(options, {","                    crudGetOneById: local.apiDict['pet getPetById'],","                    crudRemoveOneById: local.apiDict['pet deletePet'],","                    crudSetOneById: local.apiDict['pet addPet'],","                    crudUpdateOneById: local.apiDict['pet updatePetWithForm'],","                    operationId: 'undefined.petId.id'","                });","                break;","            case 'store':","                local.objectSetDefault(options, {","                    crudGetOneById: local.apiDict['store getOrderById'],","                    crudRemoveOneById: local.apiDict['store deleteOrder'],","                    crudSetOneById: local.apiDict['store placeOrder'],","                    crudUpdateOneById: local.apiDict['store crudUpdateOneById.id.id'],","                    operationId: 'undefined.orderId.id'","                });","                break;","            case 'user':","                local.objectSetDefault(options, {","                    crudGetOneById: local.apiDict['user getUserByName'],","                    crudRemoveOneById: local.apiDict['user deleteUser'],","                    crudSetOneById: local.apiDict['user createUser'],","                    crudUpdateOneById: local.apiDict['user updateUser'],","                    operationId: 'undefined.username.username'","                });","                break;","            default:","                Object.keys(local.apiDict).forEach(function (key) {","                    key.replace((/^x-test (\\w+)/), function (match0, match1) {","                        // jslint-hack - nop","                        local.nop(match0);","                        options[match1] = options[match1] || local.apiDict[key];","                    });","                });","                local.objectSetDefault(options, { operationId: 'undefined.id.id' });","            }","            local.idFieldInit(options);","            // shallow-copy options","            return local.objectSetDefault({}, options);","        };","","        local.testCase_ajax_error = function (options, onError) {","        /*","         * this function will test ajax's error handling-behavior","         */","            var onParallel;","            onParallel = local.onParallel(onError);","            onParallel.counter += 1;","            options = [{","                method: 'POST',","                // test 400 param-parse-error handling-behavior","                statusCode: 400,","                url: '/api/v0/x-test/paramDefault/aa?paramJson=syntax%20error'","            }, {","                // test 404 undefined-api-error-1 handling-behavior","                statusCode: 404,","                url: '/api/v0/x-test/errorUndefined'","            }, {","                // test 404 undefined-api-error-2 handling-behavior","                statusCode: 404,","                url: '/api/v0/x-test/errorUndefinedApi'","            }, {","                // test 404 undefined-map-file handling-behavior","                statusCode: 404,","                url: '/api/v0/x-test/undefined.map'","            }];","            options.forEach(function (options) {","                onParallel.counter += 1;","                local.ajax(options, function (error, xhr) {","                    // validate error occurred","                    local.assert(error, error);","                    // validate statusCode","                    local.assertJsonEqual(error.statusCode, options.statusCode);","                    // validate error is in jsonapi-format","                    if (options.url !== '/api/v0/x-test/undefined.map') {","                        error = JSON.parse(xhr.responseText);","                        local.assert(error.errors[0], error);","                    }","                    onParallel();","                });","            });","            onParallel();","        };","","        local.testCase_crudCountManyByQuery_default = function (options, onError) {","        /*","         * this function will test crudCountManyByQuery's default handling-behavior","         */","            options = local.crudOptionsSetDefault(options, {","                idValue: 'testCase_crudCountManyByQuery_default'","            });","            local.onNext(options, function (error, data) {","                switch (options.modeNext) {","                case 1:","                    // ajax - crudCountManyByQuery","                    options.crudCountManyByQuery._ajax({","                        paramDict: { _queryWhere: JSON.stringify(options.queryById) }","                    }, options.onNext);","                    break;","                case 2:","                    // validate data","                    local.assertJsonEqual(data.responseJson.data.length, 1);","                    local.assert(data.responseJson.data[0] === 1, data.responseJson);","                    options.onNext();","                    break;","                default:","                    onError(error, data);","                }","            });","            options.modeNext = 0;","            options.onNext();","        };","","        local.testCase_crudCreateReplaceUpdateRemoveMany_default = function (options, onError) {","        /*","         * this function will test crudCreateReplaceUpdateRemoveMany's default handling-behavior","         */","            var onParallel;","            onParallel = local.onParallel(onError);","            onParallel.counter += 1;","            [{","                _tags0: 'x-test',","                data: {}","            }, {","                _tags0: 'pet',","                data: { name: 'name', photoUrls: ['photoUrls'] },","                dataValidateReplace: { name: 'name', status: 'available' },","                dataValidateUpdate1: { name: 'name', status: 'available' },","                dataValidateUpdate2: { status: 'pending' }","            }, {","                _tags0: 'store',","                data: { id: 10 },","                dataValidateReplace: { petId: 10, status: 'placed' },","                dataValidateUpdate1: { petId: 10, status: 'placed' },","                dataValidateUpdate2: { status: 'approved' }","            }, {","                _tags0: 'user',","                data: { username: 'testCase_crudCreateReplaceUpdateRemoveMany_default' },","                dataValidateReplace: { firstName: 'firstName', userStatus: 1 },","                dataValidateUpdate1: { firstName: 'firstName', userStatus: 1 },","                dataValidateUpdate2: { userStatus: 2 }","            }].forEach(function (_) {","                options = _;","                onParallel.counter += 1;","                // test crudCreateReplaceUpdateRemoveOne's default handling-behavior","                local.testCase_crudCreateReplaceUpdateRemoveOne_default(options, onParallel);","            });","            onParallel();","        };","","        local.testCase_crudCreateReplaceUpdateRemoveOne_default = function (options, onError) {","        /*","         * this function will test crudCreateReplaceUpdateRemoveOne's default handling-behavior","         */","            options = local.crudOptionsSetDefault(options, {","                data: {}","            });","            local.onNext(options, function (error, data) {","                switch (options.modeNext) {","                case 1:","                    // test crudSetOneById's create handling-behavior","                    local.testCase_crudSetOneById_default(","                        options,","                        options.onNext","                    );","                    break;","                case 2:","                    // test crudSetOneById's replace handling-behavior","                    local.testCase_crudSetOneById_default(","                        options,","                        options.onNext","                    );","                    break;","                case 3:","                    // test crudUpdateOneById's default handling-behavior","                    local.testCase_crudUpdateOneById_default(options, options.onNext);","                    break;","                case 4:","                    // test crudRemoveOneById's default handling-behavior","                    local.testCase_crudRemoveOneById_default(options, options.onNext);","                    break;","                default:","                    onError(error, data);","                }","            });","            options.modeNext = 0;","            options.onNext();","        };","","        local.testCase_crudErrorXxx_default = function (options, onError) {","        /*","         * this function will test crudErrorXxx's default handling-behavior","         */","            var onParallel;","            onParallel = local.onParallel(onError);","            onParallel.counter += 1;","            [","                'x-test crudErr
[...]
al.fs.readFileSync(__filename, 'utf8')","            );","        }, local.nop);","        /* jslint-ignore-begin */","        // https://github.com/swagger-api/swagger-ui/blob/v2.1.3/dist/index.html","        local.templateIndexHtml = '\\","<!doctype html>\\n\\","<html lang=\"en\">\\n\\","<head>\\n\\","<meta charset=\"UTF-8\">\\n\\","<meta name=\"viewport\" content=\"width=device-width, initial-scale=1\">\\n\\","<title>{{env.npm_package_name}} v{{env.npm_package_version}}</title>\\n\\","<link href=\"assets.swgg.css\" rel=\"stylesheet\">\\n\\","<style>\\n\\","/*csslint\\n\\","    box-sizing: false,\\n\\","    universal-selector: false\\n\\","*/\\n\\","* {\\n\\","    box-sizing: border-box;\\n\\","}\\n\\","body {\\n\\","    background: #fff;\\n\\","    font-family: Arial, Helvetica, sans-serif;\\n\\","    margin: 2rem;\\n\\","}\\n\\","body > * {\\n\\","    margin-bottom: 1rem;\\n\\","}\\n\\","</style>\\n\\","<style>\\n\\","/*csslint\\n\\","*/\\n\\","body > button {\\n\\","    width: 15rem;\\n\\","}\\n\\",".zeroPixel {\\n\\","    border: 0;\\n\\","    height: 0;\\n\\","    margin: 0;\\n\\","    padding: 0;\\n\\","    width: 0;\\n\\","}\\n\\","</style>\\n\\","</head>\\n\\","<body>\\n\\","\\n\\","    <div id=\"ajaxProgressDiv1\" style=\"background: #d00; height: 4px; left: 0; margin: 0; padding: 0; position: fixed; top: 0; transition: background 0.5s, width 1.5s; width: 25%;\"></div>\\n\\","\\n\\","    <h1>\\n\\","\\n\\","        <a\\n\\","            {{#if env.npm_package_homepage}}\\n\\","            href=\"{{env.npm_package_homepage}}\"\\n\\","            {{/if env.npm_package_homepage}}\\n\\","            target=\"_blank\"\\n\\","        >\\n\\","\\n\\","            {{env.npm_package_name}} v{{env.npm_package_version}}\\n\\","\\n\\","        </a>\\n\\","\\n\\","    </h1>\\n\\","    <h3>{{env.npm_package_description}}</h3>\\n\\","\\n\\","    <h4><a download href=\"assets.app.js\">download standalone app</a></h4>\\n\\","    <button class=\"onclick\" id=\"testRunButton1\">run internal test</button><br>\\n\\","    <div id=\"testReportDiv1\" style=\"display: none;\"></div>\\n\\","\\n\\","\\n\\","    <button class=\"onclick\" id=\"dbResetButton1\">reset database</button><br>\\n\\","    <button class=\"onclick\" id=\"dbExportButton1\">export database -&gt; file</button><br>\\n\\","    <a download=\"db.persistence.json\" href=\"\" id=\"dbExportA1\"></a>\\n\\","    <button class=\"onclick\" id=\"dbImportButton1\">import database &lt;- file</button><br>\\n\\","    <input class=\"onchange zeroPixel\" type=\"file\" id=\"dbImportInput1\">\\n\\","    <div class=\"swggUiContainer\">\\n\\","    <form class=\"header tr\">\\n\\","        <a class=\"td1\" href=\"http://swagger.io\" target=\"_blank\">swagger</a>\\n\\","        <input\\n\\","            class=\"flex1 td2\"\\n\\","            placeholder=\"http://petstore.swagger.io/v2/swagger.json\"\\n\\","            type=\"text\"\\n\\","            value=\"{{env.npm_config_swagger_basePath}}/swagger.json\"\\n\\","        >\\n\\","    </form>\\n\\","    <div class=\"reset\"></div>\\n\\","    </div>\\n\\","\\n\\","    {{#if isRollup}}\\n\\","    <script src=\"assets.app.min.js\"></script>\\n\\","    {{#unless isRollup}}\\n\\","\\n\\","    <script src=\"assets.utility2.rollup.js\"></script>\\n\\","    <script src=\"assets.swgg.js\"></script>\\n\\","    <script src=\"assets.lib.swgg.ui.js\"></script>\\n\\","    <script src=\"jsonp.utility2._stateInit?callback=window.utility2._stateInit\"></script>\\n\\","    <script>window.utility2.onResetBefore.counter += 1;</script>\\n\\","    <script src=\"assets.example.js\"></script>\\n\\","    <script src=\"assets.test.js\"></script>\\n\\","    <script>window.utility2.onResetBefore();</script>\\n\\","\\n\\","    {{/if isRollup}}\\n\\","\\n\\","</body>\\n\\","</html>\\n\\","';","        /* jslint-ignore-end */","        local.assetsDict['/'] = local.templateRender(local.templateIndexHtml, {","            env: local.objectSetDefault(local.env, {","                npm_package_description: 'example module',","                npm_package_name: 'example',","                npm_package_version: '0.0.1'","            })","        });","        break;","    }","","","","    // run shared js-env code - post-init","    (function () {","        // init petstore-api - frontend","        local.tmp = JSON.parse(local.assetsDict['/assets.lib.swgg.petstore.json']);","        delete local.tmp.basePath;","        delete local.tmp.host;","        delete local.tmp.schemes;","        local.swgg.apiDictUpdate(local.tmp);","        // init petstore-api - backend","        local.swgg.apiDictUpdate({","            definitions: {","                File: {","                    allOf: [{ $ref: '#/definitions/BuiltinFile' }]","                },","                Pet: {","                    properties: {","                        _id: { readOnly: true, type: 'string' },","                        _timeCreated: { format: 'date-time', readOnly: true, type: 'string' },","                        _timeUpdated: { format: 'date-time', readOnly: true, type: 'string' },","                        id: { default: 1, minimum: 1 }","                    }","                },","                Order: {","                    properties: {","                        _id: { readOnly: true, type: 'string' },","                        _timeCreated: { format: 'date-time', readOnly: true, type: 'string' },","                        _timeUpdated: { format: 'date-time', readOnly: true, type: 'string' },","                        id: { default: 1, minimum: 1 }","                    }","                },","                User: {","                    allOf: [{ $ref: '#/definitions/BuiltinUser' }],","                    properties: {","                        _id: { readOnly: true, type: 'string' },","                        _timeCreated: { format: 'date-time', readOnly: true, type: 'string' },","                        _timeUpdated: { format: 'date-time', readOnly: true, type: 'string' },","                        email: { default: 'a@a.com', format: 'email' },","                        id: { default: 1, minimum: 1 }","                    }","                }","            },","            tags: [{ description: 'builtin-file model', name: 'file' }],","            'x-swgg-apiDict': {","                'file crudCountManyByQuery': {","                    _schemaName: 'File'","                },","                'file crudSetOneById.id.id': {","                    _schemaName: 'File'","                },","                'file crudGetManyByQuery': {","                    _schemaName: 'File'","                },","                'file crudRemoveOneById.id.id': {","                    _schemaName: 'File'","                },","                'file crudUpdateOneById.id.id': {","                    _schemaName: 'File'","                },","                'file fileGetOneById.id.id': {","                    _schemaName: 'File'","                },","                'file fileUploadManyByForm.1': {","                    _schemaName: 'File'","                },","                'pet addPet': {","                    _operationId: 'crudSetOneById.petId.id',","                    _schemaName: 'Pet'","                },","                'pet crudGetManyByQuery': {","                    _schemaName: 'Pet'","                },","                'pet deletePet': {","                    _operationId: 'crudRemoveOneById.petId.id',","                    _schemaName: 'Pet'","                },","                'pet findPetsByStatus': {","                    _operationId: 'crudGetManyByQuery',","                    _queryWhere: '{\"status\":{\"$in\":{{status jsonStringify}}}}',","                    _schemaName: 'Pet'","                },","                'pet findPetsByTags': {","                    _operationId: 'crudGetManyByQuery',","                    _queryWhere: '{\"tags.name\":{\"$in\":{{tags jsonStringify}}}}',","                    _schemaName: 'Pet'","                },","                'pet getPetById': {","                    _operationId: 'crudGetOneById.petId.id',","                    _schemaName: 'Pet'","                },","                'pet updatePet': {","                    _operationId: 'crudUpdateOneById.petId.id',","                    _schemaName: 'Pet'","                },","                'pet updatePetWithForm': {","                    _operationId: 'crudUpdateOneById.petId.id',","                    _schemaName: 'Pet'","                },","                'pet uploadFile': {","                    _operationId: 'fileUploadManyByForm',","                    _schemaName: 'User'","                },","                'store crudGetManyByQuery': {","                    _schemaName: 'Order'","                },","                'store crudUpdateOneById.id.id': {","                    _schemaName: 'Order'","                },","                'store deleteOrder': {","                    _operationId: 'crudRemoveOneById.orderId.id',","                    _schemaName: 'Order'","                },","                'store getInventory': {","                    _schemaName: 'Order'","                },","                'store getOrderById': {","                    _operationId: 'crudGetOneById.orderId.id',","                    _schemaName: 'Order'","                },","                'store placeOrder': {","                    _operationId: 'crudSetOneById.orderId.id',","                    _schemaName: 'Order'","                },","                'user createUser': {","                    _operationId: 'crudSetOneById.username.username',","                    _schemaName: 'User'","                },","                'user createUsersWithArrayInput': {","                    _operationId: 'crudSetManyById',","                    _schemaName: 'User'","                },","                'user createUsersWithListInput': {","                    _operationId: 'crudSetManyById',","                    _schemaName: 'User'","                },","                'user crudCountManyByQuery': {","                    _schemaName: 'User'","                },","                'user crudSetOneById.username.username': {","                    _schemaName: 'User'","                },","                'user crudRemoveOneById.username.username': {","                    _schemaName: 'User'","                },","                'user crudGetManyByQuery': {","                    _schemaName: 'User'","                },","                'user crudUpdateOneById.username.username': {","                    _schemaName: 'User'","                },","                'user deleteUser': {","                    _operationId: 'crudRemoveOneById.username.username',","                    _schemaName: 'User'","                },","                'user getUserByName': {","                    _operationId: 'crudGetOneById.username.username',","                    _schemaName: 'User'","                },","                'user loginUser': {","                    _operationId: 'userLoginByPassword',","                    _schemaName: 'User'","                },","                'user logoutUser': {","                    _operationId: 'userLogout',","                    _schemaName: 'User'","                },","                'user updateUser': {","                    _operationId: 'crudUpdateOneById.username.username',","                    _schemaName: 'User'","                },","                'user userLoginByPassword': {","                    _schemaName: 'User'","                },","                'user userLogout': {","                    _schemaName: 'User'","                }","            },","            'x-swgg-datatableDict': {","                file: {","                    crudSetOneById: 'file crudSetOneById.id.id',","                    crudRemoveOneById: 'file crudRemoveOneById.id.id',","                    crudGetManyByQuery: 'file crudGetManyByQuery',","                    schema: { $ref: '#/definitions/File' }","                },","                pet: {","                    crudSetOneById: 'pet addPet',","                    crudRemoveOneById: 'pet deletePet',","                    crudGetManyByQuery: 'pet crudGetManyByQuery',","                    schema: { $ref: '#/definitions/Pet' }","                },","                store: {","                    crudSetOneById: 'store placeOrder',","                    crudRemoveOneById: 'store deleteOrder',","                    crudGetManyByQuery: 'store crudGetManyByQuery',","                    schema: { $ref: '#/definitions/Order' }","                },","                user: {","                    crudSetOneById: 'user createUser',","                    crudRemoveOneById: 'user deleteUser',","                    crudGetManyByQuery: 'user crudGetManyByQuery',","                    schema: { $ref: '#/definitions/User' }","                }","            }","        });","        // init db","        local.dbSeedList = [{","            dbRowList: [{","                id: 'testCase_swaggerUiLogoSmall',","                fileBlob: local.swgg.templateSwaggerUiLogoSmallBase64,","                fileContentType: 'image/png',","                fileDescription: 'swagger-ui logo',","                fileFilename: 'swaggerUiLogoSmall.png'","            }],","            idIndexCreateList: [{","                name: 'id'","            }],","            name: 'File'","        }, {","            dbRowList: local.swgg.dbRowListRandomCreate({","                dbRowList: [{","                    id: 0,","                    name: 'birdie',","                    photoUrls: [],","                    status: 'available',","                    tags: [{ name: 'bird'}]","                }, {","                    id: 1,","                    name: 'doggie',","                    status: 'pending',","                    photoUrls: [],","                    tags: [{ name: 'dog'}]","                }, {","                    id: 2,","                    name: 'fishie',","                    photoUrls: [],","                    status: 'sold',","                    tags: [{ name: 'fish'}]","                }],","                // init 100 extra random pets","                length: 100,","                override: function (options) {","                    return {","                        id: options.ii + 100,","                        name: local.listGetElementRandom(","                            ['birdie', 'doggie', 'fishie']","                        ) + '-' + (options.ii + 100),","                        tags: [","                            { name: local.listGetElementRandom(['female', 'male']) }","                        ]","                    };","                },","                properties: local.swgg.swaggerJson.definitions.Pet.properties","            }),","            idIndexCreateList: [{","                isInteger: true,","                name: 'id'","            }],","            name: 'Pet'","        }, {","            dbRowList: local.swgg.dbRowListRandomCreate({","                dbRowList: [{","                    id: 0,","                    petId: 0,","                    status: 'available'","                }, {","                    id: 1,","                    petId: 1,","                    status: 'pending'","                }, {","                    id: 2,","                    petId: 2,","                    status: 'sold'","                }],","                // init 100 extra random orders","                length: 100,","                override: function (options) {","                    return {","                        id: options.ii + 100,","                        petId: options.ii + 100","                    };","                },","                properties: local.swgg.swaggerJson.definitions.Order.properties","            }),","            idIndexCreateList: [{","                isInteger: true,","                name: 'id'","            }],","            name: 'Order'","        }, {","            dbRowList: local.swgg.dbRowListRandomCreate({","                dbRowList: [{","                    email: 'admin@admin.com',","                    firstName: 'admin',","                    id: 0,","                    lastName: '',","                    password: local.sjclHashScryptCreate('secret'),","                    phone: '1234-5678',","                    username: 'admin'","                }, {","                    email: 'jane@doe.com',","                    firstName: 'jane',","                    id: 1,","                    lastName: 'doe',","                    password: local.sjclHashScryptCreate('secret'),","                    phone: '1234-5678',","                    username: 'jane.doe'","                }, {","                    email: 'john@doe.com',","                    firstName: 'john',","                    id: 2,","                    lastName: 'doe',","                    password: local.sjclHashScryptCreate('secret'),","                    phone: '1234-5678',","                    username: 'john.doe'","                }],","                // init 100 extra random users","                length: 100,","                override: function (options) {","                    return {","                        firstName: local.listGetElementRandom(","                            ['alice', 'bob', 'jane', 'john']","                        ) + '-' + (options.ii + 100),","                        id: options.ii + 100,","                        lastName: local.listGetElementRandom(['doe', 'smith']) +","                            '-' + (options.ii + 100),","                        password: local.sjclHashScryptCreate('secret'),","                        tags: [","                            { name: local.listGetElementRandom(['female', 'male']) },","                            { name: Math.random().toString(36).slice(2) }","                        ]","                    };","                },","                properties: local.swgg.swaggerJson.definitions.User.properties","            }),","            idIndexCreateList: [{","                name: 'email'","            }, {","                name: 'id',","                isInteger: true","            }, {","                name: 'username'","            }],","            name: 'User'","        }];","        local.dbReset = local.utility2._testRunBefore = function () {","            local.onResetBefore.counter += 1;","            local.db.dbDrop(local.onResetBefore);","            local.onResetAfter(function () {","                console.log('db seeding ...');","                local.onReadyBefore.counter += 1;","                local.db.dbTableCreateMany(local.dbSeedList, local.onReadyBefore);","                local.onReadyBefore.counter += 1;","                local.db.dbTableCreateMany(local.dbSeedTestList, local.onReadyBefore);","            });","        };","    }());","}());"],"l":{"113":2,"115":2,"120":2,"122":2,"124":2,"125":2,"126":2,"131":1,"138":2,"142":2,"146":2,"148":2,"149":2,"151":2,"155":363,"156":363,"157":363,"158":730,"160":363,"161":363,"164":4,"165":4,"167":4,"171":4,"173":355,"174":355,"176":359,"178":4,"180":4,"181":4,"182":416,"183":416,"185":4,"186":4,"188":4,"190":4,"191":4,"193":359,"196":363,"197":363,"199":2,"205":373,"209":373,"211":373,"213":373,"214":2,"215":2,"217":371,"220":2,"236":2,"238":2,"245":1,"246":1,"247":1,"249":1,"250":1,"251":1,"252":1,"253":1,"255":1,"257":1,"258":1,"260":1,"261":1,"262":1,"263":1,"264":1,"266":1,"267":1,"268":1,"270":1,"271":1,"273":1,"274":1,"277":1,"278":1,"279":1,"280":1,"281":1,"284":1,"285":1,"287":1,"291":1,"292":2,"293":5,"297":1,"299":1,"300":1,"302":1,"309":1,"311":1,"312":1,"319":1,"421":1,"428":1,"434":2,"436":2,"437":2,"438":2,"439":2,"440":2,"442":2,"637":2,"673":200,"708":200,"750":200,"776":2,"777":2,"778":2,"779":2,"780":2,"781":2,"782":2,"783":2,"784":2}}}